
: 
: 
: 
: 
REPLACING FILE (CARL:62)CK.SAV

COPY STARTING

(CARL:930)CK.SAV COPIED TO (CARL:62)CK.SAV

32801 (32636) CHARS. TRANSMITTED

: 
REPLACING FILE (CARL:95)CK.SAV

COPY STARTING

(CARL:930)CK.SAV COPIED TO (CARL:95)CK.SAV

32801 (32636) CHARS. TRANSMITTED

: 
COPY STARTING

(CARL:930)CK.SAV COPIED TO (CARL:22)CK.SAV

32801 (32636) CHARS. TRANSMITTED

: 
REPLACING FILE (CARL:26)CK.SAV

COPY STARTING

(CARL:930)CK.SAV COPIED TO (CARL:26)CK.SAV

32796 (32633) CHARS. TRANSMITTED

: 
COPY STARTING

CIRCUIT ZAPPED - ABORTING,  SYSTEM 29

: 
SYSTEM UNAVAILABLE
: 
SYSTEM UNAVAILABLE
: 
SYSTEM UNAVAILABLE
: 
SYSTEM UNAVAILABLE
: 
SYSTEM UNAVAILABLE
: 
SYSTEM UNAVAILABLE
: 
SYSTEM UNAVAILABLE
: 
SYSTEM UNAVAILABLE
: 
SYSTEM UNAVAILABLE
: 
SYSTEM UNAVAILABLE
: 
SYSTEM UNAVAILABLE
: 
SYSTEM UNAVAILABLE
: 
SYSTEM UNAVAILABLE
: 
SYSTEM UNAVAILABLE
: 
SYSTEM UNAVAILABLE
: 
SYSTEM UNAVAILABLE
: 
SYSTEM UNAVAILABLE
: 