00:35:54 Started (CARL)VMFILE.LS8
00:40:05 Finished (CARL)VMFILE.LS8 Printed: 35 pages.
00:40:35 Started (JMS)FONTS.TXT
00:40:48 Finished (JMS)FONTS.TXT Printed: 2 pages.
00:44:48 Started (CARL)SUBMIT.INF
00:45:42 Finished (CARL)SUBMIT.INF Printed: 7 pages.
00:57:43 Started (JMS)FONTS.TXT
00:58:04 Finished (JMS)FONTS.TXT Printed: 2 pages.
01:09:01 Started (JMS)FONTS.TXT
01:09:14 Finished (JMS)FONTS.TXT Printed: 2 pages.
02:19:28 Started (DENCOFF)SUBMIT.DOC
02:23:33 Finished (DENCOFF)SUBMIT.DOC Printed: 33 pages.
02:28:24 Started (CARL)VMFILE.LS8
02:30:12 Finished (CARL)VMFILE.LS8 Printed: 14 pages.
02:54:35 Started (CARL)VMFILE.LS8
02:55:36 Finished (CARL)VMFILE.LS8 Printed: 8 pages.
03:14:33 Started (JMS)FONTS.TXT
03:15:11 Finished (JMS)FONTS.TXT Printed: 1 pages.
04:13:24 Started (CARL)AUXSPL.LS8
04:15:08 Finished (CARL)AUXSPL.LS8 Printed: 16 pages.
04:37:39 Started (CARL)LICSUB.LS8
04:38:10 Finished (CARL)LICSUB.LS8 Printed: 7 pages.
04:38:40 Started (CARL)AUXINT.LS8
04:39:14 Finished (CARL)AUXINT.LS8 Printed: 7 pages.
04:39:44 Started (CARL)XEXLIC.LS8
04:40:24 Finished (CARL)XEXLIC.LS8 Printed: 8 pages.
00:44:02 Started (CARL)SUBMIT.DOC
00:48:41 Finished (CARL)SUBMIT.DOC Printed: 33 pages.
00:48:42 Started (DENCOFF)SUBMIT.DOC
00:52:19 Finished (DENCOFF)SUBMIT.DOC Printed: 27 pages.
02:55:44 Started (DENCOFF)SUBMIT.DOC
03:00:38 Finished (DENCOFF)SUBMIT.DOC Printed: 33 pages.
03:01:08 Started (JMS)INC12.LS8
03:03:01 Finished (JMS)INC12.LS8 Printed: 1 pages.
01:11:12 Started (CARL)SUBMIT.SYS
01:11:20 Finished (CARL)SUBMIT.SYS Printed: 1 pages.
01:21:46 Started (CARL)SUBMIT.SYS
01:21:53 Finished (CARL)SUBMIT.SYS Printed: 1 pages.
01:51:58 Started (OPER)PARAM.LOG
01:52:05 Finished (OPER)PARAM.LOG Printed: 1 pages.
01:52:54 Started (OPER)PARAM.LOG
01:53:01 Finished (OPER)PARAM.LOG Printed: 1 pages.
01:53:02 Started (OPER)PARAM.LOG
01:53:09 Finished (OPER)PARAM.LOG Printed: 1 pages.
01:53:42 Started (OPER)PARAM.LOG
01:53:52 Finished (OPER)PARAM.LOG Printed: 1 pages.
01:53:55 Started (OPER)PARAM.LOG
01:54:02 Finished (OPER)PARAM.LOG Printed: 1 pages.
01:54:03 Started (OPER)PARAM.LOG
01:54:12 Finished (OPER)PARAM.LOG Printed: 1 pages.
01:54:14 Started (OPER)PARAM.LOG
01:54:27 Finished (OPER)PARAM.LOG Printed: 1 pages.
01:55:16 Started (JMS)PAMJOB.LSW
02:05:23 Finished (JMS)PAMJOB.LSW Printed: 38 pages.
02:06:27 Started (JMS)PJTYM.DOC
02:08:30 Finished (JMS)PJTYM.DOC Printed: 20 pages.
03:25:48 Started (JMS)JOB001.SCM
09:48:50 Finished (OPER)PARAM.LOG Printed: 1 pages.
JMS)JB1O33.LSW Printed: 13 pages.
16:38:22 Started (DENCOFF)PRPCHG.DOC
16:38:49 Finished (DENCOFF)PRPCHG.DOC Printed: 2 pages.
20:19:06 Started (CARL)XEXEC.INF
20:20:05 Finished (CARL)XEXEC.INF Printed: 9 pages.
20:20:35 Started (CARL)EXECX.INF
20:21:33 Finished (CARL)EXECX.INF Printed: 8 pages.
20:22:03 Started (CARL)SUBMIT.INF
20:22:47 Finished (CARL)SUBMIT.INF Printed: 7 pages.
22:33:03 Started (CARL)LOGPKG.LS8
22:34:24 Finished (CARL)LOGPKG.LS8 Printed: 11 pages.
00:28:27 Started (CARL)PERP.SAI
00:28:49 Finished (CARL)PERP.SAI Printed: 3 pages.
00:39:29 Started (DENCOFF)PRPCHG.DOC
00:40:00 Finished (DENCOFF)PRPCHG.DOC Printed: 3 pages.
01:27:52 Started (DENCOFF)PRPCHG.DOC
01:28:05 Finished (DENCOFF)PRPCHG.DOC Printed: 2 pages.
01:47:49 Started (DENCOFF)PRPCHG.DOC
01:48:02 Finished (DENCOFF)PRPCHG.DOC Printed: 2 pages.
01:54:31 Started (DENCOFF)PRPCHG.DOC
01:54:45 Finished (DENCOFF)PRPCHG.DOC Printed: 2 pages.
03:51:49 Started (DENCOFF)PRPCHG.002
03:52:02 Finished (DENCOFF)PRPCHG.002 Printed: 3 pages.
03:52:32 Started (DENCOFF)PRPCHG.1
03:52:49 Finished (DENCOFF)PRPCHG.1 Printed: 3 pages.
03:53:19 Started (DENCOFF)PRPCHG.0
03:53:35 Finished (DENCOFF)PRPCHG.0 Printed: 3 pages.
04:10:25 Started (DENCOFF)SUBMIT.SYS
04:10:43 Finished (DENCOFF)SUBMIT.SYS Printed: 1 pages.
04:17:58 Started (DENCOFF)SUBMIT.SYS
04:18:06 Finished (DENCOFF)SUBMIT.SYS Printed: 1 pages.
17:46:06 Started (DENCOFF)PRPCHG.DOC
17:46:19 Finished (DENCOFF)PRPCHG.DOC Printed: 3 pages.
17:58:44 Started (DENCOFF)PRPMH2.LOC
17:59:43 Finished (DENCOFF)PRPMH2.LOC Printed: 1 pages.
18:00:14 Started (DENCOFF)PRPCHG.DOC
18:00:27 Finished (DENCOFF)PRPCHG.DOC Printed: 3 pages.
18:53:21 Started (DENCOFF)PRPDIR.LOC
18:55:12 Finished (DENCOFF)PRPDIR.LOC Printed: 1 pages.
00:43:32 Started (CARL)MYPERP.XMT
00:44:01 Finished (CARL)MYPERP.XMT Printed: 4 pages.
18:00:30 Started (DENCOFF)PRPLOC.LSW
18:01:07 Finished (DENCOFF)PRPLOC.LSW Printed: 1 pages.
01:07:49 Started (DENCOFF)FILLOC.LS8
01:09:11 Finished (DENCOFF)FILLOC.LS8 Printed: 1 pages.
11:17:51 Started (CARL)SYSNO.VER
11:18:44 Finished (CARL)SYSNO.VER Printed: 1 pages.
22:20:28 Started (DENCOFF)NTRACK.FTF
22:21:00 Finished (DENCOFF)NTRACK.FTF Printed: 3 pages.
22:34:42 Started (CARL)CMPORT.MAC
22:34:48 Finished (CARL)CMPORT.MAC Printed: 1 pages.
22:36:18 Started (CARL)AXPORT.MAC
22:36:25 Finished (CARL)AXPORT.MAC Printed: 1 pages.
22:37:25 Started (CARL)ITSME.MAC
22:37:36 Finished (CARL)ITSME.MAC Printed: 3 pages.
23:35:59 Started (CARL)F4TEST.F4
 Printed: 10 pages.
23:36:05 Finished (CARL)F4TEST.F4 Printed: 1 pages.
18:11:34 Started (DENCOFF)PRP.LOC
18:41:42 Finished (DENCOFF)PRP.LOC Printed: 1 pages.
01:22:02 Started (DENCOFF)QUES.001
01:24:07 Finished (DENCOFF)QUES.001 Printed: 1 pages.
01:24:08 Started (DENCOFF)QUES.0
01:26:33 Finished (DENCOFF)QUES.0 Printed: 1 pages.
01:27:04 Started (DENCOFF)SYS.001
01:27:38 Finished (DENCOFF)SYS.001 Printed: 1 pages.
01:27:39 Started (DENCOFF)SYS.0
01:28:29 Finished (DENCOFF)SYS.0 Printed: 1 pages.
02:25:24 Started (CARL)CTRCPY.SAI
02:29:29 Finished (CARL)CTRCPY.SAI Printed: 21 pages.
02:29:59 Started (CARL)SYS.DA
02:30:09 Finished (CARL)SYS.DA Printed: 2 pages.
02:30:39 Started (CARL)UTIL.REQ
02:31:59 Finished (CARL)UTIL.REQ Printed: 12 pages.
02:32:30 Started (CARL)SAIL.HDR
02:32:43 Finished (CARL)SAIL.HDR Printed: 1 pages.
02:33:14 Started (CARL)DATE.DA
02:35:48 Finished (CARL)DATE.DA Printed: 19 pages.
21:05:17 Started (DENCOFF)STASYS.LP8
21:06:08 Finished (DENCOFF)STASYS.LP8 Printed: 1 pages.
22:17:33 Started (CARL)SUBMIT.LS8
22:17:43 Finished (CARL)SUBMIT.LS8 Printed: 1 pages.
22:26:31 Started (DENCOFF)ACCESS.MSG
22:26:35 Finished (DENCOFF)ACCESS.MSG Printed: 1 pages.
00:11:12 Started (CARL)START.UP
00:13:02 Finished (CARL)START.UP Printed: 13 pages.
00:13:33 Started (CARL)START.ME
00:15:21 Finished (CARL)START.ME Printed: 13 pages.
18:05:28 Started (DENCOFF)STASYS.LOC
18:06:29 Finished (DENCOFF)STASYS.LOC Printed: 1 pages.
19:10:17 Started (DENCOFF)NWEXEC.LOC
19:10:23 Finished (DENCOFF)NWEXEC.LOC Printed: 1 pages.
21:01:18 Started (CARL)FRMRUN.LS8
21:07:06 Finished (CARL)FRMRUN.LS8 Printed: 14 pages.
02:16:36 Started (JMS)11X8.LSW
02:16:57 Finished (JMS)11X8.LSW Printed: 1 pages.
02:45:36 Started (JMS)AUXSPL.SCM
02:45:43 Finished (JMS)AUXSPL.SCM Printed: 1 pages.
02:46:13 Started (JMS)AUXSPL.LSW
02:46:20 Finished (JMS)AUXSPL.LSW Printed: 1 pages.
02:46:50 Started (JMS)AUSPL.LS8
02:47:02 Finished (JMS)AUSPL.LS8 Printed: 1 pages.
19:33:21 Started (OPER)MAIL.
19:33:31 Finished (OPER)MAIL. Printed: 1 pages.
21:24:22 Started (DENCOFF)ALLVER.LS8
21:24:43 Finished (DENCOFF)ALLVER.LS8 Printed: 1 pages.
22:56:31 Started (DENCOFF)MAILRD.LS8
22:56:43 Finished (DENCOFF)MAILRD.LS8 Printed: 1 pages.
00:38:38 Started (DENCOFF)ALLVER.LS8
00:39:02 Finished (DENCOFF)ALLVER.LS8 Printed: 1 pages.
02:53:52 Started (CARL)REQUE.LST
02:55:21 Finished (CARL)REQUE.LST Printed: 11 pages.
19:12:39 Started (DENCOFF)KTLLOG.LS8
22:05:00 Finished (DENCOFF)T#!,BI.TMP Printed: 1 pages.
DENCOFF)LC0112.LS8 Printed: 1 pages.
22:05:30 Started (DENCOFF)T##$:/.TMP
22:05:35 Finished (DENCOFF)T##$:/.TMP Printed: 1 pages.
22:06:05 Started (DENCOFF)006COP.TMP
22:06:09 Finished (DENCOFF)006COP.TMP Printed: 1 pages.
22:06:40 Started (LPQ).TMP
22:06:44 Finished (LPQ).TMP Printed: 1 pages.
18:08:08 Started (DENCOFF)LC0212.LS8
18:08:47 Finished (DENCOFF)LC0212.LS8 Printed: 1 pages.
21:09:26 Started (DENCOFF)LATEST.
21:10:44 Finished (DENCOFF)LATEST. Printed: 1 pages.
22:20:15 Started (CARL)JQUEUE.DEF
22:21:16 Finished (CARL)JQUEUE.DEF Printed: 8 pages.
00:33:46 Started (DENCOFF)SUBMIT.DOC
00:45:02 Finished (DENCOFF)SUBMIT.DOC Printed: 33 pages.
00:45:34 Started (DENCOFF)XEXEC.RND
01:03:33 Finished (DENCOFF)XEXEC.RND Printed: 16 pages.
01:03:35 Started (DENCOFF)PRPCHG.DOC
01:04:25 Finished (DENCOFF)PRPCHG.DOC Printed: 3 pages.
01:27:41 Started (CARL)SCAN.DIR
01:27:48 Finished (CARL)SCAN.DIR Printed: 1 pages.
01:32:37 Started (CARL)SCAN.LS8
01:33:13 Finished (CARL)SCAN.LS8 Printed: 6 pages.
16:40:48 Started (DENCOFF)LC0312.LS8
16:40:55 Finished (DENCOFF)LC0312.LS8 Printed: 1 pages.
23:20:20 Started (DENCOFF)XEXSTA.LS8
23:20:29 Finished (DENCOFF)XEXSTA.LS8 Printed: 1 pages.
01:15:56 Started (CARL)JQUEUE.LST
01:16:47 Finished (CARL)JQUEUE.LST Printed: 8 pages.
01:17:19 Started (CARL)XEXPKG.LST
01:19:14 Finished (CARL)XEXPKG.LST Printed: 18 pages.
01:19:45 Started (CARL)LOGPKG.LST
01:20:48 Finished (CARL)LOGPKG.LST Printed: 11 pages.
01:21:19 Started (CARL)XEXLIC.LST
01:22:03 Finished (CARL)XEXLIC.LST Printed:ges.
01:22:34 Started (CARL)DAYTIM.LST
01:24:19 Finished (CARL)DAYTIM.LST Printed: 16 pages.
01:24:50 Started (CARL)LICSUB.LST
01:25:26 Finished (CARL)LICSUB.LST Printed: 7 pages.
01:26:40 Started (CARL)SYF.LST
01:29:22 Finished (CARL)SYF.LST Printed: 24 pages.
01:29:49 Started (CARL)FICHE.LST
01:31:03 Finished (CARL)FICHE.LST Printed: 12 pages.
01:31:35 Started (CARL)AUXSPL.LST
01:33:10 Finished (CARL)AUXSPL.LST Printed: 14 pages.
01:33:42 Started (CARL)ARGS.LST
01:33:57 Finished (CARL)ARGS.LST Printed: 3 pages.
01:34:28 Started (CARL)HSB.LST
01:35:23 Finished (CARL)HSB.LST Printed: 9 pages.
01:35:54 Started (CARL)ARGPAR.LST
01:36:35 Finished (CARL)ARGPAR.LST Printed: 7 pages.
01:37:07 Started (CARL)FRMTST.LST
01:37:57 Finished (CARL)FRMTST.LST Printed: 9 pages.
01:45:36 Started (CARL)SUBMSC.LST
01:48:47 Finished (CARL)SUBMSC.LST Printed: 29 pages.
02:37:45 Started (CARL)NEXTIM.LST
02:39:10 Finished (CARL)NEXTIM.LST Printed: 14 pages.
17:49:55 Started (DENCOFF)PJ1204.LST
Printed: 1 pages.
17:50:04 Finished (DENCOFF)PJ1204.LST Printed: 1 pages.
19:05:02 Started (DENCOFF)LC1204.LST
19:05:15 Finished (DENCOFF)LC1204.LST Printed: 1 pages.
20:30:32 Started (DENCOFF)XEXLIC.LST
20:30:42 Finished (DENCOFF)XEXLIC.LST Printed: 1 pages.
00:18:49 Started (CARL)SUBMIT.LST
00:30:28 Finished (CARL)SUBMIT.LST Printed: 26 pages.
00:30:30 Started (CARL)SUBMSC.LST
00:33:29 Finished (CARL)SUBMSC.LST Printed: 27 pages.
00:34:43 Started (CARL)SUBMIT.LST
00:42:04 Finished (CARL)SUBMIT.LST Printed: 62 pages.
00:54:34 Started (CARL)TEST.PRT
00:54:39 Finished (CARL)TEST.PRT Printed: 1 pages.
01:00:40 Started (CARL)TEST.PRT
01:00:45 Finished (CARL)TEST.PRT Printed: 1 pages.
01:05:10 Started (DENCOFF)XEXVER.LST
01:05:31 Finished (DENCOFF)XEXVER.LST Printed: 1 pages.
01:18:45 Started (CARL)TEST.PRT
01:18:51 Finished (CARL)TEST.PRT Printed: 1 pages.
01:19:21 Started (CARL)TEST.LST
01:19:26 Finished (CARL)TEST.LST Printed: 1 pages.
02:24:21 Started (CARL)TEST.LST
02:24:28 Finished (CARL)TEST.LST Printed: 1 pages.
02:24:53 Started (CARL)RECEIP.TST
02:25:00 Finished (CARL)RECEIP.TST Printed: 1 pages.
02:25:25 Started (CARL)RECEIP.TXT
02:25:32 Finished (CARL)RECEIP.TXT Printed: 1 pages.
02:42:01 Started (CARL)RECEIP.TXT
02:42:08 Finished (CARL)RECEIP.TXT Printed: 1 pages.
02:56:59 Started (JMS)FONTS.TXT
02:57:07 Finished (JMS)FONTS.TXT Printed: 1 pages.
02:57:56 Started (CARL)ORDER.LST
02:59:32 Finished (CARL)ORDER.LST Printed: 14 pages.
09:36:07 Started (DENCOFF)JPSTAT.LST
09:37:06 Finished (DENCOFF)JPSTAT.LST Printed: 1 pages.
11:58:56 Started (CARL)CPY.LST
17:20:48 Finished (CARL)CPY.LST Printed: 12 pages.
17:20:49 Started (DENCOFF)XEXRUN.LOC
17:21:30 Finished (DENCOFF)XEXRUN.LOC Printed: 1 pages.
02:02:03 Started (DENCOFF)GEFILS.LST
02:06:14 Finished (DENCOFF)GEFILS.LST Printed: 1 pages.
02:50:25 Started (CARL)FRMRUN.LST
02:52:04 Finished (CARL)FRMRUN.LST Printed: 15 pages.
19:25:29 Started (DENCOFF)ACCESS.MSG
19:25:35 Finished (DENCOFF)ACCESS.MSG Printed: 1 pages.
20:43:22 Started (DENCOFF)SUBMIT.LOG
20:43:28 Finished (DENCOFF)SUBMIT.LOG Printed: 1 pages.
17:37:10 Started (DENCOFF)XEXEC.DOC
17:41:11 Finished (DENCOFF)XEXEC.DOC Printed: 34 pages.
17:41:13 Started (DENCOFF)PARAM.DOC
17:41:41 Finished (DENCOFF)PARAM.DOC Printed: 4 pages.
16:51:56 Started (DENCOFF)EXECX.MSG
16:52:03 Finished (DENCOFF)EXECX.MSG Printed: 1 pages.
20:17:05 Started (DENCOFF)XEXEC.DOC
20:21:43 Finished (DENCOFF)XEXEC.DOC Printed: 37 pages.
00:50:52 Started (DENCOFF)XEXEC.DOC
Printed: 36 pages.
00:55:08 Finished (DENCOFF)XEXEC.DOC Printed: 36 pages.
01:14:14 Started (DENCOFF)WSHLOG.LST
01:14:32 Finished (DENCOFF)WSHLOG.LST Printed: 1 pages.
01:29:31 Started (DENCOFF)PARAM.DOC
01:29:45 Finished (DENCOFF)PARAM.DOC Printed: 4 pages.
09:39:41 Started (CARL)CPY.LST
09:41:34 Finished (CARL)CPY.LST Printed: 18 pages.
18:44:35 Started (DENCOFF)SUBWSH.LST
18:49:14 Started (DENCOFF)SUBWSH.LST
18:49:21 Finished (DENCOFF)SUBWSH.LST Printed: 1 pages.
22:41:15 Started (DENCOFF)SUBWSH.LOG
22:41:22 Finished (DENCOFF)SUBWSH.LOG Printed: 1 pages.
16:48:44 Started (DENCOFF)SUBWSH.LOG
16:48:51 Finished (DENCOFF)SUBWSH.LOG Printed: 1 pages.
17:36:39 Started (DENCOFF)SUBMIT.LST
17:38:09 Finished (DENCOFF)SUBMIT.LST Printed: 1 pages.
18:41:01 Started (DENCOFF)SUBMIT.WSH
18:41:53 Finished (DENCOFF)SUBMIT.WSH Printed: 1 pages.
19:54:02 Started (DENCOFF)CHEKOV.INF
19:54:11 Finished (DENCOFF)CHEKOV.INF Printed: 1 pages.
19:55:48 Started (DENCOFF)CHEKOV.LST
19:55:57 Finished (DENCOFF)CHEKOV.LST Printed: 1 pages.
20:14:02 Started (DENCOFF)CHEKOV.INF
20:14:12 Finished (DENCOFF)CHEKOV.INF Printed: 1 pages.
22:17:03 Started (CARL)SUBMIT.LST
22:35:28 Started (CARL)SUBPAR.LST
22:41:27 Finished (CARL)SUBPAR.LST Printed: 36 pages.
22:59:54 Started (CARL)SUBMIT.LST
23:14:49 Finished (CARL)SUBMIT.LST Printed: 85 pages.
00:18:07 Started (DENCOFF)SUBWSH.LST
00:19:30 Finished (DENCOFF)SUBWSH.LST Printed: 1 pages.
01:04:49 Started (DENCOFF)PARAM.DOC
01:06:18 Finished (DENCOFF)PARAM.DOC Printed: 4 pages.
16:58:39 Started (DENCOFF)TURNUP.MSG
16:58:47 Finished (DENCOFF)TURNUP.MSG Printed: 1 pages.
16:59:59 Started (DENCOFF)TURNUP.M87
17:00:09 Finished (DENCOFF)TURNUP.M87 Printed: 1 pages.
18:01:35 Started (DENCOFF)XEXTST.LOG
18:01:43 Finished (DENCOFF)XEXTST.LOG Printed: 1 pages.
18:07:43 Started (DENCOFF)XEXTST.LOG
18:07:51 Finished (DENCOFF)XEXTST.LOG Printed: 1 pages.
18:27:44 Started (DENCOFF)TEST.LOG
18:27:54 Finished (DENCOFF)TEST.LOG Printed: 1 pages.
20:04:13 Started (DENCOFF)XEXTST.LOG
20:04:34 Finished (DENCOFF)XEXTST.LOG Printed: 3 pages.
20:16:10 Started (DENCOFF)TEST.LOG
20:16:18 Finished (DENCOFF)TEST.LOG Printed: 1 pages.
20:55:29 Started (DENCOFF)TEST.LOG
20:55:35 Finished (DENCOFF)TEST.LOG Printed: 1 pages.
01:02:48 Started (DENCOFF)XEXEC.DOC
01:07:30 Finished (DENCOFF)XEXEC.DOC Printed: 37 pages.
20:35:47 Started (CARL)SUBMIT.LST
20:42:39 Finished (CARL)SUBMIT.LST Printed: 54 pages.
19:33:15 Finished (DENCOFF)XEXEC.DOC Printed: 38 pages.
ENCOFF)XEXEC.DOC Printed: 38 pages.
17:41:24 Started (DENCOFF)XEXEC.DOC
17:45:54 Finished (DENCOFF)XEXEC.DOC Printed: 38 pages.
20:47:00 Started (DENCOFF)XEXEC.DOC
20:52:18 Finished (DENCOFF)XEXEC.DOC Printed: 35 pages.
22:39:15 Started (DENCOFF)XEXEC.DOC
22:43:24 Finished (DENCOFF)XEXEC.DOC Printed: 35 pages.
01:46:46 Started (CARL)XEXEC.LST
01:50:50 Finished (CARL)XEXEC.LST Printed: 35 pages.
17:02:42 Started (DENCOFF)SB1219.LST
17:02:52 Finished (DENCOFF)SB1219.LST Printed: 1 pages.
17:13:18 Started (DENCOFF)SUBVER.LST
17:13:32 Finished (DENCOFF)SUBVER.LST Printed: 1 pages.
18:00:01 Started (DENCOFF)FEAT.DOC
18:00:13 Finished (DENCOFF)FEAT.DOC Printed: 1 pages.
19:38:35 Started (DENCOFF)XEXEC.DOC
19:42:43 Finished (DENCOFF)XEXEC.DOC Printed: 35 pages.
20:09:19 Started (DENCOFF)XEXEC.DOC
20:13:50 Finished (DENCOFF)XEXEC.DOC Printed: 36 pages.
01:46:21 Started (DENCOFF)ACSMSG.LST
01:46:33 Finished (DENCOFF)ACSMSG.LST Printed: 1 pages.
01:59:20 Started (CARL)CUSPS.LST
02:00:15 Finished (CARL)CUSPS.LST Printed: 10 pages.
17:45:18 Started (DENCOFF)CLEAN.TDY
17:45:29 Finished (DENCOFF)CLEAN.TDY Printed: 3 pages.
18:09:14 Started (CARL)INF.
18:10:23 Finished (CARL)INF. Printed: 9 pages.
18:27:37 Started (CARL)INF.
18:27:46 Finished (CARL)INF. Printed: 2 pages.
20:51:38 Started (CARL)VAR.LST
20:52:39 Finished (CARL)VAR.LST Printed: 10 pages.
20:53:10 Started (CARL)RF.LST
20:58:07 Finished (CARL)RF.LST Printed: 42 pages.
20:58:38 Started (CARL)TF.LST
21:02:32 Finished (CARL)TF.LST Printed: 34 pages.
21:03:02 Started (CARL)TELECO.LST
21:57:30 Finished (CARL)TELECO.LST Printed: 129 pages.
21:58:00 Started (CARL)TRANS.LST
22:01:30 Finished (CARL)TRANS.LST Printed: 31 pages.
22:02:02 Started (CARL)DSKIO.LST
22:07:16 Finished (CARL)DSKIO.LST Printed: 45 pages.
22:07:47 Started (CARL)SLAVE.LST
22:11:15 Finished (CARL)SLAVE.LST Printed: 28 pages.
22:11:45 Started (CARL)MASTER.LST
22:15:39 Finished (CARL)MASTER.LST Printed: 32 pages.
22:16:10 Started (CARL)BIO.LST
22:19:26 Finished (CARL)BIO.LST Printed: 16 pages.
22:26:41 Started (DENCOFF)CLEAN2.
22:26:54 Finished (DENCOFF)CLEAN2. Printed: 3 pages.
22:28:32 Started (DENCOFF)EXCUSE.LOG
22:29:47 Finished (DENCOFF)EXCUSE.LOG Printed: 1 pages.
00:05:19 Started (DENCOFF)SWITCH.INI
00:05:25 Finished (DENCOFF)SWITCH.INI Printed: 1 pages.
21:49:55 Started (CARL)TELCRF.LST
22:01:06 Finished (CARL)TELCRF.LST Printed: 93 pages.
22:01:36 Started (CARL)CARDS.LST
22:04:32 Finished (CARL)CARDS.LST Printed: 26 pages.
22:49:05 Started (CARL)TEST.CTL
Printed: 1 pages.
22:49:11 Finished (CARL)TEST.CTL Printed: 1 pages.
22:49:36 Started (CARL)861229.JQD
22:49:59 Finished (CARL)861229.JQD Printed: 1 pages.
23:59:36 Started (CARL)861229.JQD
00:00:00 Finished (CARL)861229.JQD Printed: 1 pages.
00:00:31 Started (CARL)TEST.LST
00:00:37 Finished (CARL)TEST.LST Printed: 1 pages.
01:08:11 Started (CARL)LOGIT.LOG
01:08:20 Finished (CARL)LOGIT.LOG Printed: 2 pages.
18:14:20 Started (CARL)TESTS.LST
18:16:42 Started (CARL)TESTS.LST
18:16:51 Finished (CARL)TESTS.LST Printed: 1 pages.
18:17:22 Started (CARL)QUIT.LOG
18:17:30 Finished (CARL)QUIT.LOG Printed: 1 pages.
18:18:00 Started (CARL)861230.JQD
18:18:13 Finished (CARL)861230.JQD Printed: 1 pages.
18:18:43 Started (CARL)STOP.LOG
18:18:50 Finished (CARL)STOP.LOG Printed: 1 pages.
18:19:21 Started (CARL)TEST.LOG
18:19:31 Finished (CARL)TEST.LOG Printed: 1 pages.
18:20:01 Started (CARL)TEST.CTL
18:20:08 Finished (CARL)TEST.CTL Printed: 1 pages.
04:46:32 Started (JMS)AUXSPL.LST
04:48:37 Finished (JMS)AUXSPL.LST Printed: 17 pages.
22:37:04 Started (DENCOFF)CRLNEW.LOG
22:38:17 Finished (DENCOFF)CRLNEW.LOG Printed: 6 pages.
03:01:53 Started (JMS)AUXINT.SAI
03:02:16 Finished (JMS)AUXINT.SAI Printed: 4 pages.
03:59:19 Started (JMS)TITO96.LST
04:03:37 Finished (JMS)TITO96.LST Printed: 4 pages.
17:51:06 Started (DENCOFF)MAIL.LOG
17:54:05 Finished (DENCOFF)MAIL.LOG Printed: 3 pages.
18:09:02 Started (DENCOFF)MAIL2.LOG
18:09:14 Finished (DENCOFF)MAIL2.LOG Printed: 4 pages.
21:15:33 Started (DENCOFF)PCOM.DOC
21:16:26 Finished (DENCOFF)PCOM.DOC Printed: 9 pages.
21:42:57 Started (DENCOFF)SUBWSH.UPD
21:43:08 Finished (DENCOFF)SUBWSH.UPD Printed: 1 pages.
21:40:25 Started (DENCOFF)TSTLOG.LST
21:40:37 Finished (DENCOFF)TSTLOG.LST Printed: 1 pages.
21:41:08 Started (DENCOFF)TSTCTL.LST
21:41:15 Finished (DENCOFF)TSTCTL.LST Printed: 1 pages.
21:57:35 Started (DENCOFF)TEST.LST
21:57:46 Finished (DENCOFF)TEST.LST Printed: 1 pages.
16:45:47 Started (DENCOFF)TURNUP.MSG
16:45:56 Finished (DENCOFF)TURNUP.MSG Printed: 1 pages.
17:15:12 Started (DENCOFF)TURNUP.MSG
17:15:21 Finished (DENCOFF)TURNUP.MSG Printed: 1 pages.
17:27:05 Started (DENCOFF)TURNUP.MSG
17:27:15 Finished (DENCOFF)TURNUP.MSG Printed: 1 pages.
18:30:42 Started (DENCOFF)TODAY.LOG
18:30:52 Finished (DENCOFF)TODAY.LOG Printed: 1 pages.
20:32:20 Started (DENCOFF)EXEC.DOC
20:33:41 Finished (DENCOFF)EXEC.DOC Printed: 8 pages.
18:35:22 Started (DENCOFF)TURNUP.MSG
18:35:30 Finished (DENCOFF)TURNUP.MSG Printed: 1 pages.
23:02:20 Started (DENCOFF)SUBMIT.LST
inted: 2 pages.
23:03:05 Finished (DENCOFF)SUBMIT.LST Printed: 6 pages.
23:03:30 Started (DENCOFF)SUBMIT.LST
23:04:03 Finished (DENCOFF)SUBMIT.LST Printed: 6 pages.
00:13:27 Started (DENCOFF)CMDFIL.DOC
00:14:43 Finished (DENCOFF)CMDFIL.DOC Printed: 12 pages.
00:55:08 Started (DENCOFF)CMDFIL.DOC
00:56:23 Finished (DENCOFF)CMDFIL.DOC Printed: 12 pages.
19:56:33 Started (DENCOFF)TURNUP.LST
19:56:43 Finished (DENCOFF)TURNUP.LST Printed: 1 pages.
20:18:50 Started (DENCOFF)PRT.LST
20:19:00 Finished (DENCOFF)PRT.LST Printed: 1 pages.
16:59:48 Started (DENCOFF)TODAY.LOG
17:00:00 Finished (DENCOFF)TODAY.LOG Printed: 2 pages.
17:20:48 Started (DENCOFF)TODAY.LOG
17:20:55 Finished (DENCOFF)TODAY.LOG Printed: 1 pages.
18:42:53 Started (DENCOFF)COPY.DOC
18:43:02 Finished (DENCOFF)COPY.DOC Printed: 1 pages.
20:27:19 Started (DENCOFF)LOG.LST
20:27:28 Finished (DENCOFF)LOG.LST Printed: 1 pages.
17:39:51 Started (DENCOFF)TODAY.LST
17:40:00 Finished (DENCOFF)TODAY.LST Printed: 1 pages.
18:34:56 Started (DENCOFF)LOG.LST
18:35:07 Finished (DENCOFF)LOG.LST Printed: 1 pages.
18:35:31 Started (DENCOFF)LODAY.LST
18:35:42 Finished (DENCOFF)LODAY.LST Printed: 1 pages.
18:50:12 Started (DENCOFF)FILES.LST
18:50:23 Finished (DENCOFF)FILES.LST Printed: 1 pages.
20:30:14 Started (JMS)DSKCLN.62
20:30:23 Finished (JMS)DSKCLN.62 Printed: 1 pages.
20:30:54 Started (JMS)DSKCLN.61
20:31:01 Finished (JMS)DSKCLN.61 Printed: 1 pages.
20:31:32 Started (JMS)DSKCLN.60
20:31:40 Finished (JMS)DSKCLN.60 Printed: 1 pages.
20:32:11 Started (JMS)DSKCLN.95
20:32:17 Finished (JMS)DSKCLN.95 Printed: 1 pages.
20:32:48 Started (JMS)DSKCLN.59
20:32:55 Finished (JMS)DSKCLN.59 Printed: 1 pages.
20:33:26 Started (JMS)DSKCLN.94
20:33:32 Finished (JMS)DSKCLN.94 Printed: 1 pages.
20:34:03 Started (JMS)DSKCLN.58
20:34:10 Finished (JMS)DSKCLN.58 Printed: 1 pages.
20:34:42 Started (JMS)DSKCLN.93
20:34:50 Finished (JMS)DSKCLN.93 Printed: 1 pages.
20:34:51 Started (JMS)DSKCLN.57
20:35:10 Finished (JMS)DSKCLN.57 Printed: 1 pages.
20:35:41 Started (JMS)DSKCLN.92
20:35:47 Finished (JMS)DSKCLN.92 Printed: 1 pages.
20:36:18 Started (JMS)DSKCLN.56
20:36:25 Finished (JMS)DSKCLN.56 Printed: 1 pages.
20:36:56 Started (JMS)DSKCLN.91
20:37:02 Finished (JMS)DSKCLN.91 Printed: 1 pages.
20:37:33 Started (JMS)DSKCLN.55
20:37:40 Finished (JMS)DSKCLN.55 Printed: 1 pages.
22:17:04 Started (DENCOFF)SUPCHK.LST
22:23:39 Finished (DENCOFF)SUPCHK.LST Printed: 46 pages.
00:34:56 Finished (DENCOFF)TODAY.LOG Printed: 11 pages.
ENCOFF)TODAY.LOG Printed: 1 pages.
01:46:15 Started (CARL)JOB.LET
01:46:27 Finished (CARL)JOB.LET Printed: 3 pages.
01:48:51 Started (CARL)JOB.LET
01:49:03 Finished (CARL)JOB.LET Printed: 3 pages.
01:51:28 Started (CARL)JOB.LET
01:51:35 Finished (CARL)JOB.LET Printed: 1 pages.
01:54:47 Started (CARL)JOB.LET
01:54:54 Finished (CARL)JOB.LET Printed: 1 pages.
17:14:40 Started (DENCOFF)SUPCHK.LOC
17:15:03 Finished (DENCOFF)SUPCHK.LOC Printed: 1 pages.
19:43:44 Started (DENCOFF)SUBWSH.LST
19:43:51 Finished (DENCOFF)SUBWSH.LST Printed: 1 pages.
19:59:09 Started (DENCOFF)MAILOC.LST
19:59:32 Finished (DENCOFF)MAILOC.LST Printed: 1 pages.
20:30:01 Started (DENCOFF)MAILOG.LST
20:30:39 Finished (DENCOFF)MAILOG.LST Printed: 1 pages.
21:29:54 Started (DENCOFF)LOG.LST
21:30:04 Finished (DENCOFF)LOG.LST Printed: 1 pages.
00:57:54 Started (DENCOFF)CMDFIL.DOC
03:43:20 Started (JMS)AUXSPL.LST
03:45:12 Finished (JMS)AUXSPL.LST Printed: 17 pages.
03:46:12 Started (DENCOFF)CMDFIL.DOC
03:47:46 Finished (DENCOFF)CMDFIL.DOC Printed: 13 pages.
17:51:12 Started (DENCOFF)CMDFIL.DOC
17:52:35 Finished (DENCOFF)CMDFIL.DOC Printed: 13 pages.
23:36:29 Started (CARL)SBE.LET
23:36:35 Finished (CARL)SBE.LET Printed: 1 pages.
23:50:45 Started (DENCOFF)CMDFIL.DOC
23:52:26 Finished (DENCOFF)CMDFIL.DOC Printed: 16 pages.
00:21:21 Started (DENCOFF)MAILER.LOC
00:21:57 Finished (DENCOFF)MAILER.LOC Printed: 1 pages.
18:35:41 Started (DENCOFF)TODAY.LST
18:35:52 Finished (DENCOFF)TODAY.LST Printed: 1 pages.
20:04:09 Started (DENCOFF)CMDFIL.DOC
20:05:38 Finished (DENCOFF)CMDFIL.DOC Printed: 14 pages.
02:57:58 Started (CARL)ASH.LST
03:01:42 Finished (CARL)ASH.LST Printed: 32 pages.
17:15:30 Started (DENCOFF)SUBMIT.DOC
17:33:43 Finished (DENCOFF)SUBMIT.DOC Printed: 32 pages.
17:34:14 Started (DENCOFF)EXEC.DOC
17:35:35 Finished (DENCOFF)EXEC.DOC Printed: 12 pages.
17:57:04 Started (CARL)ASH62.LOG
17:57:16 Finished (CARL)ASH62.LOG Printed: 1 pages.
17:57:41 Started (CARL)ASHQ62.LOG
17:57:49 Finished (CARL)ASHQ62.LOG Printed: 1 pages.
17:59:26 Started (CARL)ASH.SCM
17:59:33 Finished (CARL)ASH.SCM Printed: 1 pages.
01:00:28 Started (DENCOFF)XEXEC.DOC
01:04:08 Finished (DENCOFF)XEXEC.DOC Printed: 31 pages.
01:12:33 Started (DENCOFF)CMDFIL.DOC
01:13:53 Finished (DENCOFF)CMDFIL.DOC Printed: 12 pages.
18:50:55 Started (DENCOFF)XEXEC.DOC
18:57:08 Finished (DENCOFF)XEXEC.DOC Printed: 32 pages.
20:46:48 Started (DENCOFF)CMDFIL.DOC
20:48:10 Finished (DENCOFF)CMDFIL.DOC Printed: 13 pages.
00:08:57 Started (DENCOFF)PRPCHG.DOC
Printed: 3 pages.
00:09:21 Finished (DENCOFF)PRPCHG.DOC Printed: 3 pages.
00:44:17 Started (DENCOFF)TODAY.LOG
00:44:47 Finished (DENCOFF)TODAY.LOG Printed: 2 pages.
01:03:47 Started (DENCOFF)STUFF.
01:03:57 Finished (DENCOFF)STUFF. Printed: 1 pages.
02:22:23 Started (JMS)AUXSPL.SAI
02:22:32 Finished (JMS)AUXSPL.SAI Printed: 1 pages.
02:48:36 Spooler started ,
02:48:38 Started (JMS)AUXSPL.SCM
02:48:49 Notice to quit January 28th, 1987
02:48:50 Finished (JMS)AUXSPL.SCM Printed: 2 pages.
02:48:52 Spooler stopped Wednesday,January 28th, 1987
02:49:08 Spooler started ,
02:49:10 Started (JMS)AUXSPL.SCM
02:49:36 Finished (JMS)AUXSPL.SCM Printed: 5 pages.
03:45:05 Spooler stopped Wednesday,January 28th, 1987
03:46:26 Spooler started Wednesday,January 28th, 1987
03:46:27 Started (JMS)WIDE.LST
03:46:35 Finished (JMS)WIDE.LST Printed: 1 pages.
03:46:47 Spooler stopped Wednesday,January 28th, 1987
05:00:42
         Started Wednesday, January 28th, 1987
05:01:13 Started (JMS)WIDE.LST
05:01:18 Finished (JMS)WIDE.LST Printed: 1 pages.
05:01:50 Started (JMS)WIDE.LST
05:01:55 Finished (JMS)WIDE.LST Printed: 1 pages.
05:10:27         Stopped Wednesday, January 28th, 1987
05:10:41 ------- Started Wednesday, January 28th, 1987
05:11:12 Started (JMS)WIDE.LST
05:11:18 Finished (JMS)WIDE.LST Printed: 1 pages.
05:41:27 Started (JMS)WIDE.LST
05:41:34 Finished (JMS)WIDE.LST Printed: 1 pages.
05:41:36 Started (JMS)WIDE.LST
05:41:42 Finished (JMS)WIDE.LST Printed: 1 pages.
05:43:45 Started (JMS)WIDE.BAK
05:43:50 Finished (JMS)WIDE.BAK Printed: 1 pages.
19:31:16 Started (DENCOFF)TST1.CTL
19:31:27 Finished (DENCOFF)TST1.CTL Printed: 1 pages.
19:31:28 Started (DENCOFF)TST1.
19:31:34 Finished (DENCOFF)TST1. Printed: 1 pages.
22:19:46 Started (DENCOFF)TODAY.LST
22:20:01 Finished (DENCOFF)TODAY.LST Printed: 1 pages.
00:17:20 Started (JMS)EDGE.TST
00:17:29 Finished (JMS)EDGE.TST Printed: 1 pages.
00:20:32 Started (JMS)EDGE.TST
00:20:39 Finished (JMS)EDGE.TST Printed: 1 pages.
00:28:12 Started (JMS)EDGE.TST
00:28:17 Finished (JMS)EDGE.TST Printed: 1 pages.
00:55:38 Started (DENCOFF)PRPCHG.DOC
00:56:06 Finished (DENCOFF)PRPCHG.DOC Printed: 2 pages.
00:57:42 Started (DENCOFF)TODAY.LST
00:57:56 Finished (DENCOFF)TODAY.LST Printed: 1 pages.
01:09:02 ------- Stopped Thursday, January 29th, 1987
01:09:12 ------- Started Thursday, January 29th, 1987
01:10:14 Started (JMS)SWITCH.INI
01:10:21 Finished (JMS)SWITCH.INI Printed: 1 pages.
01:48:20 Finished (JMS)WIDE.LST Printed: 1 pages.
JMS)WIDE.LST Printed: 1 pages.
06:21:43 Started (CARL)CARL.LST
06:22:18 Finished (CARL)CARL.LST Printed: 1 pages.
06:22:20 Started (CARL)CARL.LST
06:22:43 Finished (CARL)CARL.LST Printed: 1 pages.
19:58:45 Started (DENCOFF)CMDFIL.DOC
20:00:12 Finished (DENCOFF)CMDFIL.DOC Printed: 13 pages.
21:19:11 Started (DENCOFF)CMDFIL.DOC
21:20:38 Finished (DENCOFF)CMDFIL.DOC Printed: 13 pages.
21:20:40 Started (DENCOFF)PRPCHG.DOC
21:21:09 Finished (DENCOFF)PRPCHG.DOC Printed: 2 pages.
23:46:56 Started (CARL)SSDISK.LST
23:53:39 Finished (CARL)SSDISK.LST Printed: 56 pages.
00:26:27 Started (DENCOFF)CMDFIL.DOC
00:27:58 Finished (DENCOFF)CMDFIL.DOC Printed: 13 pages.
00:39:04 Started (DENCOFF)PRPCHG.DOC
00:39:18 Finished (DENCOFF)PRPCHG.DOC Printed: 2 pages.
18:53:10 Started (DENCOFF)SUPCHK.LOC
18:53:39 Finished (DENCOFF)SUPCHK.LOC Printed: 1 pages.
19:11:15 Started (DENCOFF)MAGFIL.LST
19:11:48 Finished (DENCOFF)MAGFIL.LST Printed: 2 pages.
00:33:58 Started (JMS)STLOU3.LST
00:02:41 ------- Started Tuesday, February 3rd, 1987
00:02:41 Started (CARL)CATTOT.LOG
00:03:09 Finished (CARL)CATTOT.LOG Printed: 4 pages.
00:03:20 ------- Stopped Tuesday, February 3rd, 1987

00:03:42 ------- Started Tuesday, February 3rd, 1987
00:16:44 Started (JMS)WIDE.LST
00:16:55 Finished (JMS)WIDE.LST Printed: 1 pages.
18:42:50 ------- Stopped Wednesday, February 4th, 1987

18:43:02 ------- Started Wednesday, February 4th, 1987
18:54:04 Started (DENCOFF)TODAY.LOG
18:54:10 Finished (DENCOFF)TODAY.LOG Printed: 1 pages.
19:05:13 Started (DENCOFF)CMDFIL.DOC
19:06:37 Finished (DENCOFF)CMDFIL.DOC Printed: 13 pages.
23:20:03 Started (DENCOFF)TODAY.LOG
23:20:13 Finished (DENCOFF)TODAY.LOG Printed: 1 pages.
23:56:47 Started (DENCOFF)LIST.LST
23:57:35 Finished (DENCOFF)LIST.LST Printed: 1 pages.
18:25:39 Started (DENCOFF)TODAY.LST
18:25:51 Finished (DENCOFF)TODAY.LST Printed: 3 pages.
18:47:02 Started (DENCOFF)TODAY.LOG
18:47:18 Finished (DENCOFF)TODAY.LOG Printed: 3 pages.
18:55:57 Started (DENCOFF)USERS.LOG
18:57:39 Finished (DENCOFF)USERS.LOG Printed: 1 pages.
18:57:41 Started (DENCOFF)TODAY.LOG
18:57:57 Finished (DENCOFF)TODAY.LOG Printed: 1 pages.
19:00:32 Started (DENCOFF)LOG.LST
19:00:42 Finished (DENCOFF)LOG.LST Printed: 1 pages.
21:16:22 Started (DENCOFF)STUFF.LST
21:16:31 Finished (DENCOFF)STUFF.LST Printed: 1 pages.
00:51:12 Started (DENCOFF)PAPER.LST
00:51:21 Finished (DENCOFF)PAPER.LST Printed: 1 pages.
17:48:21 Started (DENCOFF)SUPCHK.LST
00:19:19 ------- Stopped Thursday, February 12th, 1987

1:12:28 Finished (DENCOFF)SUPCHK.LST Printed: 1 pages.
00:19:38 ------- Started Thursday, February 12th, 1987
00:41:28 Started (DENCOFF)TODAY.LOG
00:41:50 Finished (DENCOFF)TODAY.LOG Printed: 4 pages.
00:41:52 Started (DENCOFF)TODAY.LOG
00:42:27 Finished (DENCOFF)TODAY.LOG Printed: 4 pages.
17:49:55 Started (DENCOFF)TODAY.LOG
17:50:05 Finished (DENCOFF)TODAY.LOG Printed: 1 pages.
18:49:41 Started (DENCOFF)LOG.LST
18:50:01 Finished (DENCOFF)LOG.LST Printed: 1 pages.
19:54:21 Started (DENCOFF)LOG.LST
19:54:31 Finished (DENCOFF)LOG.LST Printed: 1 pages.
21:45:47 Started (DENCOFF)LOG.LST
21:46:01 Finished (DENCOFF)LOG.LST Printed: 3 pages.
22:04:41 Started (DENCOFF)LOG.LST
22:05:02 Finished (DENCOFF)LOG.LST Printed: 4 pages.
22:41:05 Started (DENCOFF)LOG.LST
22:41:26 Finished (DENCOFF)LOG.LST Printed: 4 pages.
22:43:58 Started (DENCOFF)TODAY.LOG
22:44:20 Finished (DENCOFF)TODAY.LOG Printed: 4 pages.
23:39:56 Started (DENCOFF)XEXEC.DOC
23:43:54 Finished (DENCOFF)XEXEC.DOC Printed: 33 pages.
23:58:00 Started (DENCOFF)XEXEC.DOC
00:01:54 Finished (DENCOFF)XEXEC.DOC Printed: 33 pages.
01:11:31 Started (DENCOFF)XEXEC.DOC
01:15:25 Finished (DENCOFF)XEXEC.DOC Printed: 33 pages.
18:08:07 Started (DENCOFF)CMDFIL.DOC
18:09:05 Finished (DENCOFF)CMDFIL.DOC Printed: 13 pages.
18:18:09 Started (DENCOFF)CMDFIL.DOC
18:19:32 Finished (DENCOFF)CMDFIL.DOC Printed: 13 pages.
19:23:47 Started (DENCOFF)PRPCHG.DOC
19:24:19 Finished (DENCOFF)PRPCHG.DOC Printed: 6 pages.
19:44:26 Started (DENCOFF)PRPCHG.DOC
19:44:55 Finished (DENCOFF)PRPCHG.DOC Printed: 5 pages.
20:29:15 Started (DENCOFF)PRPCHG.DOC
20:29:45 Finished (DENCOFF)PRPCHG.DOC Printed: 5 pages.
20:47:22 Started (DENCOFF)PRPCHG.DOC
20:47:47 Finished (DENCOFF)PRPCHG.DOC Printed: 5 pages.
21:13:22 Started (DENCOFF)PRPCHG.DOC
21:13:47 Finished (DENCOFF)PRPCHG.DOC Printed: 5 pages.
21:19:24 Started (DENCOFF)PRPCHG.DOC
21:19:53 Finished (DENCOFF)PRPCHG.DOC Printed: 5 pages.
21:30:34 Started (DENCOFF)PRPCHG.DOC
21:30:59 Finished (DENCOFF)PRPCHG.DOC Printed: 5 pages.
21:49:41 Started (DENCOFF)PRPCHG.DOC
21:50:06 Finished (DENCOFF)PRPCHG.DOC Printed: 5 pages.
00:24:48 Started (SUBMIT)PRPMSG.NEW
00:24:54 Finished (SUBMIT)PRPMSG.NEW Printed: 1 pages.
00:24:56 Started (SUBMIT)SUBMIT.DOC
00:28:57 Finished (SUBMIT)SUBMIT.DOC Printed: 33 pages.
00:28:59 Started (SUBMIT)EXEC.DOC
00:30:34 Finished (SUBMIT)EXEC.DOC Printed: 13 pages.
00:30:36 Started (SUBMIT)PRPCHG.DOC
00:31:18 Finished (SUBMIT)PRPCHG.DOC Printed: 5 pages.
21:44:48 Started (DENCOFF)TODAY.LOG
inted: 1 pages.
21:44:56 Finished (DENCOFF)TODAY.LOG Printed: 1 pages.
01:01:56 ------- Stopped Thursday, February 19th, 1987

19:41:17 ------- Started Friday, February 20th, 1987
19:45:08 Started (DENCOFF)TODAY.LOG
19:45:15 Finished (DENCOFF)TODAY.LOG Printed: 1 pages.
21:40:21 Started (DENCOFF)HSTLST.LOC
21:40:29 Finished (DENCOFF)HSTLST.LOC Printed: 1 pages.
22:02:13 Started (DENCOFF)SUPCHK.VER
22:02:19 Finished (DENCOFF)SUPCHK.VER Printed: 1 pages.
02:13:09 ------- Stopped Sunday, February 22nd, 1987

02:13:53 ------- Started Sunday, February 22nd, 1987
18:51:03 Started (SPPOPER)TODAY.LOG
18:51:12 Finished (SPPOPER)TODAY.LOG Printed: 2 pages.
17:29:16 Started (SPPOPER)LOG.LST
17:29:25 Finished (SPPOPER)LOG.LST Printed: 2 pages.
19:35:12 Started (DENCOFF)PROGS.TRW
19:35:19 Finished (DENCOFF)PROGS.TRW Printed: 1 pages.
19:46:26 Started (DENCOFF)LOG.LST
19:46:47 Finished (DENCOFF)LOG.LST Printed: 3 pages.
17:11:44 Started (DENCOFF)SUBWSH.LST
17:12:59 Finished (DENCOFF)SUBWSH.LST Printed: 1 pages.
17:16:02 Started (DENCOFF)TODAY.LOG
17:16:25 Finished (DENCOFF)TODAY.LOG Printed: 1 pages.
23:34:20 Started (DENCOFF)LOG.LST
23:34:29 Finished (DENCOFF)LOG.LST Printed: 1 pages.
17:56:52 Started (DENCOFF)SWITCH.INI
17:56:58 Finished (DENCOFF)SWITCH.INI Printed: 1 pages.
19:09:09 Started (DENCOFF)LOG.LST
19:09:18 Finished (DENCOFF)LOG.LST Printed: 1 pages.
19:41:57 Started (DENCOFF)LOG.LST
19:42:05 Finished (DENCOFF)LOG.LST Printed: 1 pages.
23:30:50 ------- Started Thursday, February 26th, 1987
18:25:30 Started (DENCOFF)TEST.
18:25:36 Finished (DENCOFF)TEST. Printed: 1 pages.
18:03:29 Started (SPPOPER)TODAY.LOG
18:03:40 Finished (SPPOPER)TODAY.LOG Printed: 1 pages.
22:00:23 Started (CARL)ARGPAR.SAI
22:01:07 Finished (CARL)ARGPAR.SAI Printed: 3 pages.
22:01:09 Started (CARL)ARGS.SAI
22:01:29 Finished (CARL)ARGS.SAI Printed: 2 pages.
22:01:31 Started (CARL)SWITCH.REQ
22:01:38 Finished (CARL)SWITCH.REQ Printed: 1 pages.
22:01:40 Started (CARL)SWITCH.SAI
22:02:06 Finished (CARL)SWITCH.SAI Printed: 2 pages.
22:12:43 Started (SPPOPER)TODAY.LOG
22:12:52 Finished (SPPOPER)TODAY.LOG Printed: 1 pages.
23:50:05 Started (SPPOPER)TODAY.LOG
23:50:17 Finished (SPPOPER)TODAY.LOG Printed: 1 pages.
23:50:20 Started (SPPOPER)TODAY.LOG
23:50:25 Finished (SPPOPER)TODAY.LOG Printed: 1 pages.
23:50:27 Started (SPPOPER)TODAY.LOG
23:50:42 Finished (SPPOPER)TODAY.LOG Printed: 1 pages.
23:50:44 Started (SPPOPER)TODAY.LOG
23:51:02 Finished (SPPOPER)TODAY.LOG Printed: 1 pages.
23:51:29 Started (SPPOPER)TODAY.LOG
Printed: 1 pages.
23:51:53 Finished (SPPOPER)TODAY.LOG Printed: 3 pages.
00:00:36 Started (SPPOPER)WKLY2.LST
00:00:50 Finished (SPPOPER)WKLY2.LST Printed: 1 pages.
00:07:40 Started (SPPOPER)TODAY.LOG
00:07:48 Finished (SPPOPER)TODAY.LOG Printed: 1 pages.
00:07:50 Started (SPPOPER)TODAY.LOG
00:07:56 Finished (SPPOPER)TODAY.LOG Printed: 1 pages.
00:07:58 Started (SPPOPER)TODAY.LOG
00:08:11 Finished (SPPOPER)TODAY.LOG Printed: 1 pages.
00:08:13 Started (SPPOPER)TODAY.LOG
00:08:33 Finished (SPPOPER)TODAY.LOG Printed: 1 pages.
00:08:35 Started (SPPOPER)TODAY.LOG
00:08:55 Finished (SPPOPER)TODAY.LOG Printed: 1 pages.
00:08:58 Started (SPPOPER)TODAY.LOG
00:12:19 Finished (SPPOPER)TODAY.LOG Printed: 3 pages.
00:21:43 Started (SPPOPER)TODAY.LOG
00:21:54 Finished (SPPOPER)TODAY.LOG Printed: 1 pages.
00:21:56 Started (SPPOPER)TODAY.LOG
00:22:02 Finished (SPPOPER)TODAY.LOG Printed: 1 pages.
00:22:04 Started (SPPOPER)TODAY.LOG
00:22:16 Finished (SPPOPER)TODAY.LOG Printed: 1 pages.
00:22:20 Started (SPPOPER)TODAY.LOG
00:22:31 Finished (SPPOPER)TODAY.LOG Printed: 1 pages.
00:22:34 Started (SPPOPER)TODAY.LOG
00:22:54 Finished (SPPOPER)TODAY.LOG Printed: 1 pages.
00:22:56 Started (SPPOPER)TODAY.LOG
00:23:24 Finished (SPPOPER)TODAY.LOG Printed: 3 pages.
00:39:20 Started (SPPOPER)TODAY.LOG
00:39:31 Finished (SPPOPER)TODAY.LOG Printed: 1 pages.
00:39:33 Started (SPPOPER)TODAY.LOG
00:39:39 Finished (SPPOPER)TODAY.LOG Printed: 1 pages.
00:39:41 Started (SPPOPER)TODAY.LOG
00:39:55 Finished (SPPOPER)TODAY.LOG Printed: 1 pages.
00:39:58 Started (SPPOPER)TODAY.LOG
00:40:10 Finished (SPPOPER)TODAY.LOG Printed: 1 pages.
00:40:12 Started (SPPOPER)TODAY.LOG
00:40:32 Finished (SPPOPER)TODAY.LOG Printed: 1 pages.
00:40:34 Started (SPPOPER)TODAY.LOG
00:41:04 Finished (SPPOPER)TODAY.LOG Printed: 2 pages.
00:41:06 Started (SPPOPER)TODAY.LOG
00:41:37 Finished (SPPOPER)TODAY.LOG Printed: 3 pages.
00:53:30 Started (DENCOFF)STUFF.LST
00:53:42 Finished (DENCOFF)STUFF.LST Printed: 1 pages.
00:02:20 Started (DENCOFF)LOG.LST
00:02:31 Finished (DENCOFF)LOG.LST Printed: 4 pages.
22:04:12 Started (DENCOFF)TODAY.LST
22:04:22 Finished (DENCOFF)TODAY.LST Printed: 1 pages.
22:52:35 Started (DENCOFF)SUBMIT.DOC
22:56:30 Finished (DENCOFF)SUBMIT.DOC Printed: 33 pages.
00:55:25 Started (DENCOFF)LOG.
00:55:33 Finished (DENCOFF)LOG. Printed: 1 pages.
03:03:46 Started (CARL)STANFO.HSC
03:03:53 Finished (CARL)STANFO.HSC Printed: 1 pages.
01:44:15 Finished (CARL)QUALIF.DP Printed: 2 pages.
(CARL)STANFO.HSC Printed: 1 pages.
01:44:17 Started (CARL)QUALIF.BLD
01:47:28 Finished (CARL)QUALIF.BLD Printed: 2 pages.
01:51:29 Started (CARL)QUALIF.LN3
01:54:15 Finished (CARL)QUALIF.LN3 Printed: 21 pages.
02:04:51 Started (CARL)ARGPAR.LST
02:06:10 Finished (CARL)ARGPAR.LST Printed: 12 pages.
02:06:12 Started (CARL)SWITCH.LST
02:06:54 Finished (CARL)SWITCH.LST Printed: 5 pages.
18:55:26 ------- Stopped Friday, March 6th, 1987

18:55:38 ------- Started Friday, March 6th, 1987
22:35:47 Started (DENCOFF)TRWREQ.LST
22:35:53 Finished (DENCOFF)TRWREQ.LST Printed: 1 pages.
22:37:06 Started (CARL)NONE.NEW
22:37:17 Finished (CARL)NONE.NEW Printed: 1 pages.
22:37:18 Started (CARL)FOUND.NEW
22:37:36 Finished (CARL)FOUND.NEW Printed: 1 pages.
00:38:12 Started (DENCOFF)R1152.LST
00:38:23 Finished (DENCOFF)R1152.LST Printed: 1 pages.
00:52:58 Started (DENCOFF)PKGING.DOC
00:57:07 Finished (DENCOFF)PKGING.DOC Printed: 25 pages.
18:55:48 Started (TSUCOOP)SESS1.DOC
18:55:55 Finished (TSUCOOP)SESS1.DOC Printed: 1 pages.
21:23:39 Started (TSUCOOP)COMMAN.DOC
21:23:48 Finished (TSUCOOP)COMMAN.DOC Printed: 1 pages.
23:05:00 Started (TSUCOOP)ACCNT.DOC
23:05:06 Finished (TSUCOOP)ACCNT.DOC Printed: 1 pages.
00:27:33 Started (CARL)SWITCH.LST
00:27:48 Finished (CARL)SWITCH.LST Printed: 4 pages.
00:28:22 Started (CARL)ARGPAR.LST
00:29:35 Finished (CARL)ARGPAR.LST Printed: 10 pages.
00:29:37 Started (CARL)ARGS.LST
00:30:03 Finished (CARL)ARGS.LST Printed: 3 pages.
02:28:53 Started (CARL)CMDFIL.DOC
02:29:52 Finished (CARL)CMDFIL.DOC Printed: 10 pages.
20:58:42 Started (DENCOFF)TODAY.LST
20:58:55 Finished (DENCOFF)TODAY.LST Printed: 1 pages.
17:26:06 Started (DENCOFF)TODAY.LST
17:26:23 Finished (DENCOFF)TODAY.LST Printed: 1 pages.
17:54:27 Started (940MAN)TYMNET.NET
17:54:56 Finished (940MAN)TYMNET.NET Printed: 1 pages.
20:59:11 Started (DENCOFF)TODAY.LST
20:59:23 Finished (DENCOFF)TODAY.LST Printed: 1 pages.
22:29:58 Started (DENCOFF)LOG.LST
22:30:14 Finished (DENCOFF)LOG.LST Printed: 1 pages.
23:56:28 Started (DENCOFF)FCOQUI.DOC
23:56:58 Finished (DENCOFF)FCOQUI.DOC Printed: 1 pages.
00:37:31 Started (DENCOFF)LOG.LST
00:37:37 Finished (DENCOFF)LOG.LST Printed: 1 pages.
00:46:41 Started (DENCOFF)TODAY.LOG
00:47:03 Finished (DENCOFF)TODAY.LOG Printed: 2 pages.
01:05:05 Started (DENCOFF)LOG.LST
01:05:25 Finished (DENCOFF)LOG.LST Printed: 1 pages.
18:22:10 Started (DENCOFF)LOG.LST
18:24:01 Finished (DENCOFF)LOG.LST Printed: 10 pages.
19:57:37 Started (DENCOFF)LOG.LST
23:05:11 Started (CARL)HAND.TAB
T Printed: 5 pages.
23:05:16 Finished (CARL)HAND.TAB Printed: 1 pages.
23:27:23 Started (CARL)SUBMIT.MSG
23:27:34 Finished (CARL)SUBMIT.MSG Printed: 1 pages.
17:07:46 ------- Started Monday, March 16th, 1987
17:20:22 Started (SPPOPER)CLEAN.LOG
17:20:31 Finished (SPPOPER)CLEAN.LOG Printed: 2 pages.
21:00:34 Started (DENCOFF)LOG.LST
21:00:41 Finished (DENCOFF)LOG.LST Printed: 1 pages.
18:10:59 Started (DENCOFF)EDLIST.LST
18:12:15 Finished (DENCOFF)EDLIST.LST Printed: 1 pages.
20:56:36 Started (DENCOFF)LOG.LST
20:57:12 Finished (DENCOFF)LOG.LST Printed: 2 pages.
01:06:16 Started (SPPOPER)TODAY.LST
01:06:25 Finished (SPPOPER)TODAY.LST Printed: 2 pages.
02:35:31 Started (CARL)SMS.
02:35:38 Finished (CARL)SMS. Printed: 1 pages.
02:40:13 Started (CARL)SMS.
02:40:20 Finished (CARL)SMS. Printed: 1 pages.
02:42:21 Started (CARL)SMS.
02:42:29 Finished (CARL)SMS. Printed: 2 pages.
19:27:58 Started (DENCOFF)LOG.LST
19:28:16 Finished (DENCOFF)LOG.LST Printed: 1 pages.
19:57:47 Started (DENCOFF)LOG.LST
19:58:35 Finished (DENCOFF)LOG.LST Printed: 2 pages.
21:56:07 Started (DENCOFF)TRWFLS.DOC
21:56:52 Finished (DENCOFF)TRWFLS.DOC Printed: 2 pages.
22:58:43 Started (CARL)HOST.CTL
22:58:49 Finished (CARL)HOST.CTL Printed: 1 pages.
23:00:20 Started (CARL)HOST.CTL
23:00:26 Finished (CARL)HOST.CTL Printed: 1 pages.
23:03:58 Started (CARL)HOST.CTL
23:04:04 Finished (CARL)HOST.CTL Printed: 1 pages.
00:32:51 Started (CARL)GETLIC.LST
00:33:21 Finished (CARL)GETLIC.LST Printed: 7 pages.
00:33:23 Started (CARL)LICSUB.LST
00:34:12 Finished (CARL)LICSUB.LST Printed: 7 pages.
00:34:13 Started (CARL)XEXLIC.LST
00:35:20 Finished (CARL)XEXLIC.LST Printed: 8 pages.
19:33:40 Started (DENCOFF)TODAY.LOG
19:34:17 Finished (DENCOFF)TODAY.LOG Printed: 2 pages.
20:18:51 Started (DENCOFF)TODAY.LOG
20:19:34 Finished (DENCOFF)TODAY.LOG Printed: 2 pages.
23:19:56 Started (DENCOFF)TODAY.LOG
23:20:40 Finished (DENCOFF)TODAY.LOG Printed: 2 pages.
00:58:17 Started (DENCOFF)TRW.LTR
00:58:25 Finished (DENCOFF)TRW.LTR Printed: 2 pages.
01:08:05 Started (DENCOFF)TRW.LTR
01:08:40 Finished (DENCOFF)TRW.LTR Printed: 6 pages.
18:53:37 Started (SPPOPER)TODAY.LOG
18:53:47 Finished (SPPOPER)TODAY.LOG Printed: 2 pages.
16:57:40 Started (SPPOPER)TODAY.LST
16:57:55 Finished (SPPOPER)TODAY.LST Printed: 2 pages.
21:55:59 Started (DENCOFF)BUBNET.LOG
21:56:08 Finished (DENCOFF)BUBNET.LOG Printed: 2 pages.
22:09:45 Started (DENCOFF)BUBNET.LOG
22:09:51 Finished (DENCOFF)BUBNET.LOG Printed: 1 pages.
19:24:41 Started (DENCOFF)SPLTAP.FIL
Printed: 1 pages.
19:24:48 Finished (DENCOFF)SPLTAP.FIL Printed: 1 pages.
22:28:25 ------- Stopped Thursday, March 26th, 1987

23:07:23 ------- Started Thursday, March 26th, 1987
17:12:39 Started (DENCOFF)LOG.LST
17:12:49 Finished (DENCOFF)LOG.LST Printed: 1 pages.
17:33:49 ------- Stopped Friday, March 27th, 1987

18:48:07 ------- Started Friday, March 27th, 1987
18:48:08 Started (LPTSPL)AUXSPL.SAI
18:49:43 Finished (LPTSPL)AUXSPL.SAI Printed: 13 pages.
00:46:36 Started (SPPOPER)SPLMNT.DOC
00:46:45 Finished (SPPOPER)SPLMNT.DOC Printed: 2 pages.
00:46:47 Started (SPPOPER)SPFIX.DOC
00:47:36 Finished (SPPOPER)SPFIX.DOC Printed: 6 pages.
02:14:09 Started (SPPOPER)RCHARG.DOC
02:15:00 Finished (SPPOPER)RCHARG.DOC Printed: 10 pages.
02:15:03 Started (SPPOPER)DEFPRI.SAI
02:16:59 Finished (SPPOPER)DEFPRI.SAI Printed: 14 pages.
02:17:01 Started (SPPOPER)SPOOL.MEM
02:18:11 Finished (SPPOPER)SPOOL.MEM Printed: 8 pages.
02:18:13 Started (SPPOPER)DEBTAP.DOC
02:18:38 Finished (SPPOPER)DEBTAP.DOC Printed: 1 pages.
17:29:58 Started (JMS)CONI.MAC
17:36:44 Finished (JMS)CONI.MAC Printed: 1 pages.
03:58:25 Started (JMS)MARCH.X95
04:04:40 Finished (JMS)MARCH.X95 Printed: 4 pages.
18:03:41 Started (DENCOFF)TBA.WHR
18:03:54 Finished (DENCOFF)TBA.WHR Printed: 1 pages.
01:34:23 ------- Stopped Tuesday, March 31st, 1987

04:50:26 ------- Started Tuesday, March 31st, 1987
04:50:27 Started (CARL)CTYLIB.SAI
04:50:33 Finished (CARL)CTYLIB.SAI Printed: 1 pages.
04:50:35 Started (CARL)CTYLIB.REQ
04:50:42 Finished (CARL)CTYLIB.REQ Printed: 1 pages.
04:50:44 Started (CARL)OLDSPL.SAI
04:51:46 - Notice to quit - File aborted
04:51:46 Finished (CARL)OLDSPL.SAI Printed: 8 pages.
04:51:48 ------- Stopped Tuesday, March 31st, 1987

04:52:00 ------- Started Tuesday, March 31st, 1987
04:52:01 Started (JMS)CONI.TXT
04:55:40 Finished (JMS)CONI.TXT Printed: 30 pages.
04:57:12 Started (JMS)CONI.TXT
05:00:44 Finished (JMS)CONI.TXT Printed: 30 pages.
19:23:14 Started (SPPOPER)TODAY.LOG
19:23:20 Finished (SPPOPER)TODAY.LOG Printed: 1 pages.
19:50:30 ------- Stopped Wednesday, April 1st, 1987

23:21:45 ------- Started Friday, April 3rd, 1987
23:25:16 Started (CARL)SETOP.PRP
23:48:20 ------- Started Friday, April 3rd, 1987
23:48:21 Started (CARL)SETOP.PRP
23:48:45 Finished (CARL)SETOP.PRP Printed: 5 pages.
23:48:47 Started (CARL)TREE.LST
23:49:12 Finished (CARL)TREE.LST Printed: 1 pages.
00:17:23 Started (CARL)TREE.LST
00:17:50 Finished (CARL)TREE.LST Printed: 1 pages.
00:21:59 Started (CARL)TREE.LST
Printed: 1 pages.
00:22:14 Finished (CARL)TREE.LST Printed: 1 pages.
00:23:50 Started (CARL)TREE.LST
00:24:03 Finished (CARL)TREE.LST Printed: 1 pages.
00:25:42 Started (CARL)TREE.LST
00:25:57 Finished (CARL)TREE.LST Printed: 1 pages.
00:37:39 Started (CARL)TREE.LST
00:37:54 Finished (CARL)TREE.LST Printed: 1 pages.
00:40:29 Started (DENCOFF)TODAY.LST
00:40:44 Finished (DENCOFF)TODAY.LST Printed: 1 pages.
04:31:39 Started (CARL)SETOP.PRP
04:32:18 Finished (CARL)SETOP.PRP Printed: 6 pages.
04:32:20 Started (CARL)TREE.LST
04:32:42 Finished (CARL)TREE.LST Printed: 1 pages.
18:15:42 Started (JMS)M33KS.WHR
18:17:03 Finished (JMS)M33KS.WHR Printed: 1 pages.
18:17:05 Started (JMS)M33KS.SRT
18:18:25 Finished (JMS)M33KS.SRT Printed: 1 pages.
20:37:48 ------- Started Monday, April 6th, 1987
20:37:50 Started (CARL)860401.LST
20:37:57 Finished (CARL)860401.LST Printed: 1 pages.
20:37:58 Started (CARL)870401.LST
20:38:13 Finished (CARL)870401.LST Printed: 1 pages.
22:35:45 Started (CARL)RPM.MSG
22:35:52 Finished (CARL)RPM.MSG Printed: 1 pages.
00:26:53 Started (CARL)SETOP.PRP
00:27:18 Finished (CARL)SETOP.PRP Printed: 6 pages.
01:03:33 Started (CARL)SETOP.PRP
01:04:12 Finished (CARL)SETOP.PRP Printed: 6 pages.
17:30:47 ------- Started Tuesday, April 7th, 1987
17:31:48 Started (DENCOFF)LOG.LST
17:31:52 Finished (DENCOFF)LOG.LST Printed: 1 pages.
17:50:57 Started (DENCOFF)LOG.LST
17:51:03 Finished (DENCOFF)LOG.LST Printed: 1 pages.
17:52:29 ------- Stopped Tuesday, April 7th, 1987

17:52:41 ------- Started Tuesday, April 7th, 1987
17:53:42 Started (DENCOFF)LOG.LST
17:53:48 Finished (DENCOFF)LOG.LST Printed: 1 pages.
17:55:20 Started (DENCOFF)LOG.LST
17:55:26 Finished (DENCOFF)LOG.LST Printed: 1 pages.
18:08:58 Started (DENCOFF)LOG.LST
18:09:04 Finished (DENCOFF)LOG.LST Printed: 1 pages.
18:10:07 Started (DENCOFF)LOG.LST
18:10:13 Finished (DENCOFF)LOG.LST Printed: 1 pages.
21:13:09 Started (SPPOPER)TUES.LOG
21:13:15 Finished (SPPOPER)TUES.LOG Printed: 1 pages.
20:34:27 Started (DENCOFF)LOG.LST
20:34:32 Finished (DENCOFF)LOG.LST Printed: 1 pages.
20:34:33 Started (DENCOFF)LOG.LST
20:34:37 Finished (DENCOFF)LOG.LST Printed: 1 pages.
21:08:43 Started (DENCOFF)TODAY.LOG
21:08:50 Finished (DENCOFF)TODAY.LOG Printed: 1 pages.
22:21:02 Started (CARL)PHONE.CRP
22:22:06 Finished (CARL)PHONE.CRP Printed: 13 pages.
22:25:08 Started (CARL)PHONE.CRP
22:26:12 Finished (CARL)PHONE.CRP Printed: 13 pages.
23:59:36 Started (CARL)CHK.INF
00:07:51 Started (DENCOFF)SWITCH.INI
d: 5 pages.
00:07:59 Finished (DENCOFF)SWITCH.INI Printed: 1 pages.
00:09:31 Started (DENCOFF)CHK.INF
00:09:55 Finished (DENCOFF)CHK.INF Printed: 5 pages.
00:09:57 Started (DENCOFF)PHONE.CRP
00:11:36 Finished (DENCOFF)PHONE.CRP Printed: 13 pages.
16:29:39 Started (DENCOFF)TODAY.LOG
17:21:45 ------- Started Thursday, April 9th, 1987
17:21:46 Started (DENCOFF)TODAY.LOG
17:21:52 Finished (DENCOFF)TODAY.LOG Printed: 2 pages.
18:18:01 Started (DENCOFF)TODAY.LOG
18:18:07 Finished (DENCOFF)TODAY.LOG Printed: 2 pages.
19:25:24 ------- Started Thursday, April 9th, 1987
23:42:44 ------- Stopped Thursday, April 9th, 1987

02:28:35 ------- Started Thursday, April 9th, 1987
02:28:36 Started (CARL)SETOP.SAI
02:31:13 Finished (CARL)SETOP.SAI Printed: 23 pages.
02:31:15 Started (CARL)SETOP.DOC
02:31:47 Finished (CARL)SETOP.DOC Printed: 4 pages.
02:31:49 Started (CARL)SETOPR.SAI
02:32:17 Finished (CARL)SETOPR.SAI Printed: 2 pages.
02:32:19 Started (CARL)SETOPR.DCL
02:32:38 Finished (CARL)SETOPR.DCL Printed: 1 pages.
02:32:41 Started (CARL)SETX.SAI
02:32:53 Finished (CARL)SETX.SAI Printed: 1 pages.
02:39:56 Started (CARL)SETOP.LST
02:45:47 Finished (CARL)SETOP.LST Printed: 49 pages.
02:45:49 Started ([14717,262461])SETE.LST
02:47:48 Finished ([14717,262461])SETE.LST Printed: 16 pages.
02:52:20 Started (CARL)SETOP.LST
02:58:07 Finished (CARL)SETOP.LST Printed: 49 pages.
02:58:10 Started (CARL)SETE.LST
02:59:46 Finished (CARL)SETE.LST Printed: 13 pages.
03:08:06 ------- Stopped Thursday, April 9th, 1987

03:16:22 ------- Started Thursday, April 9th, 1987
20:00:20 Started (OSMAN)OPRDOC.ADD
20:57:24 ------- Started Friday, April 10th, 1987
20:57:25 Started (OSMAN)OPRDOC.ADD
20:57:31 Finished (OSMAN)OPRDOC.ADD Printed: 1 pages.
20:57:33 Started (CARL)READST.LST
21:00:45 Finished (CARL)READST.LST Printed: 24 pages.
21:00:47 Started (SPPOPER)TODAY.LOG
21:01:14 Finished (SPPOPER)TODAY.LOG Printed: 2 pages.
23:05:08 Started (DENCOFF)SPLTAP.WHR
23:05:16 Finished (DENCOFF)SPLTAP.WHR Printed: 1 pages.
23:08:20 ------- Stopped Friday, April 10th, 1987

23:10:11 ------- Started Friday, April 10th, 1987
06:44:26 Started (JMS)KS2020.MUL
06:44:37 Finished (JMS)KS2020.MUL Printed: 1 pages.
15:44:25 Started (DENCOFF)MONDAY.LOG
15:44:31 Finished (DENCOFF)MONDAY.LOG Printed: 1 pages.
17:20:14 Started (OSMAN)OPRADD.DOC
17:20:21 Finished (OSMAN)OPRADD.DOC Printed: 1 pages.
17:23:28 Started (OSMAN)OPRADD.DOC
17:23:35 Finished (OSMAN)OPRADD.DOC Printed: 1 pages.
02:52:32 Finished (CARL)EXECX.LST Printed: 57 pages.
ARL)XEXEC.LST Printed: 36 pages.
18:24:30 Started (JMS)KSREF.LST
18:38:15 Finished (JMS)KSREF.LST Printed: 108 pages.
21:59:59 Started (DENCOFF)TUES.LOG
22:00:04 Finished (DENCOFF)TUES.LOG Printed: 1 pages.
01:16:01 Started (JMS)SMMON.LST
01:30:37 - Notice to quit - File aborted
01:30:37 Finished (JMS)SMMON.LST Printed: 94 pages.
01:30:39 ------- Stopped Tuesday, April 14th, 1987

01:30:46 ------- Started Tuesday, April 14th, 1987
01:30:47 Started (KS2020)DR.MAN
01:31:29 - Notice to quit - File aborted
01:31:29 Finished (KS2020)DR.MAN Printed: 8 pages.
01:31:31 ------- Stopped Tuesday, April 14th, 1987

01:38:24 ------- Started Tuesday, April 14th, 1987
01:38:25 Started (JMS)DR.LST
01:48:52 Finished (JMS)DR.LST Printed: 46 pages.
01:48:53 Started (JMS)DR.MAN
01:49:51 Finished (JMS)DR.MAN Printed: 10 pages.
01:49:53 Started (JMS)SMMAG.LST
02:02:52 Finished (JMS)SMMAG.LST Printed: 100 pages.
02:02:55 Started (JMS)SMMON.LST
02:20:39 Finished (JMS)SMMON.LST Printed: 145 pages.
02:20:41 Started (JMS)SMMAG.MAN
02:25:29 Finished (JMS)SMMAG.MAN Printed: 29 pages.
02:25:31 Started (JMS)BOOTKS.MEM
02:26:20 Finished (JMS)BOOTKS.MEM Printed: 3 pages.
02:26:22 Started (NOT-JMS)KSBCFG.MEM
02:27:07 Finished (NOT-JMS)KSBCFG.MEM Printed: 6 pages.
19:21:41 ------- Stopped Wednesday, April 15th, 1987

19:38:52 ------- Started Wednesday, April 15th, 1987
19:20:30 Started (JMS)RESTRT.MEM
19:20:40 Finished (JMS)RESTRT.MEM Printed: 1 pages.
18:49:55 Started (DENCOFF)TODAY.LOG
18:50:04 Finished (DENCOFF)TODAY.LOG Printed: 1 pages.
18:54:10 Started (DENCOFF)TODAY.LST
18:54:19 Finished (DENCOFF)TODAY.LST Printed: 1 pages.
21:29:32 Started (DENCOFF)TODAY.LST
21:29:44 Finished (DENCOFF)TODAY.LST Printed: 1 pages.
21:29:46 Started (DENCOFF)TODAY.LOG
21:29:55 Finished (DENCOFF)TODAY.LOG Printed: 1 pages.
22:43:04 Started (DENCOFF)SUBWSH.LOG
22:43:15 Finished (DENCOFF)SUBWSH.LOG Printed: 1 pages.
17:27:35 Started (SPPOPER)MONDAY.LOG
17:27:42 Finished (SPPOPER)MONDAY.LOG Printed: 1 pages.
00:12:53 Started (CARL)MAGTAP.DOC
00:19:41 Finished (CARL)MAGTAP.DOC Printed: 30 pages.
01:18:56 Started (CARL)MONTAB.LST
01:25:03 Finished (CARL)MONTAB.LST Printed: 29 pages.
02:46:16 Started (CARL)GETTAB.LST
02:46:40 Finished (CARL)GETTAB.LST Printed: 1 pages.
05:09:17 Started (CARL)JOBTAB.LST
05:09:58 Finished (CARL)JOBTAB.LST Printed: 3 pages.
05:19:42 Started (CARL)CHERIE.MAX
05:19:49 Finished (CARL)CHERIE.MAX Printed: 1 pages.
02:29:25 Finished (BAIGENT)PAPER.DOC Printed: 1 pages.
:28:19 ------- Started Tuesday, April 21st, 1987
02:34:26 Started (BAIGENT)PAPER.DOC
02:35:10 Finished (BAIGENT)PAPER.DOC Printed: 4 pages.
02:37:41 Started (BAIGENT)PAPER.DOC
02:38:17 Finished (BAIGENT)PAPER.DOC Printed: 4 pages.
02:41:49 Started (BAIGENT)PAPER.DOC
02:42:11 Finished (BAIGENT)PAPER.DOC Printed: 4 pages.
03:38:13 Started (JMS)KSFEFS.LST
03:40:53 Finished (JMS)KSFEFS.LST Printed: 24 pages.
21:08:57 Started (BAIGENT)PAPER.DOC
21:09:38 Finished (BAIGENT)PAPER.DOC Printed: 1 pages.
21:13:15 Started (BAIGENT)PAPER.DOC
21:13:44 Finished (BAIGENT)PAPER.DOC Printed: 5 pages.
21:21:48 Started (BAIGENT)PAPER.DOC
21:22:17 Finished (BAIGENT)PAPER.DOC Printed: 5 pages.
22:10:31 ------- Started Wednesday, April 22nd, 1987
22:10:32 Started (BAIGENT)PAPER.DOC
22:11:01 Finished (BAIGENT)PAPER.DOC Printed: 5 pages.
00:33:11 Started (BAIGENT)PAPER.DOC
00:33:59 Finished (BAIGENT)PAPER.DOC Printed: 7 pages.
00:44:45 Started (BAIGENT)TEST.MEM
00:44:51 Finished (BAIGENT)TEST.MEM Printed: 1 pages.
00:47:54 Started (BAIGENT)TEMP.
00:47:59 Finished (BAIGENT)TEMP. Printed: 1 pages.
00:50:01 Started (JMS)VMAP.WHR
00:55:43 Finished (JMS)VMAP.WHR Printed: 1 pages.
00:55:44 Started (BAIGENT)PAPER.DOC
00:57:22 Finished (BAIGENT)PAPER.DOC Printed: 7 pages.
02:44:51 Started (CARL)SETOP.LST
02:45:27 Finished (CARL)SETOP.LST Printed: 6 pages.
20:48:15 Started (JMS)TXSNEW.WHR
20:48:44 Finished (JMS)TXSNEW.WHR Printed: 1 pages.
05:14:55 ------- Started Saturday, April 25th, 1987
22:33:57 ------- Started Monday, April 27th, 1987
19:58:08 Started (DENCOFF)LOG.LST
19:58:17 Finished (DENCOFF)LOG.LST Printed: 1 pages.
20:02:43 ------- Stopped Thursday, April 30th, 1987

20:02:50 ------- Started Thursday, April 30th, 1987
20:03:59 ------- Started Thursday, April 30th, 1987
20:05:00 Started (DENCOFF)LOG.LST
20:05:13 Finished (DENCOFF)LOG.LST Printed: 1 pages.
20:06:45 Started (DENCOFF)TODAY.LOG
20:06:53 Finished (DENCOFF)TODAY.LOG Printed: 1 pages.
14:38:41 Started (JMS)SWAMP.SCM
14:39:19 Finished (JMS)SWAMP.SCM Printed: 6 pages.
21:09:22 ------- Started Friday, May 1st, 1987
21:09:23 Started (SPPOPER)THIS.WK
21:09:31 Finished (SPPOPER)THIS.WK Printed: 1 pages.
21:10:03 Started (SPPOPER)UNPROC.RPT
21:10:09 Finished (SPPOPER)UNPROC.RPT Printed: 1 pages.
21:10:11 Started (SPPOPER)FIX.RPT
21:10:24 Finished (SPPOPER)FIX.RPT Printed: 1 pages.
21:10:26 Started (SPPOPER)MONTHL.LOG
21:10:34 Finished (SPPOPER)MONTHL.LOG Printed: 1 pages.
23:25:51 Started (SPPOPER)LOG.LST
17:16:53 Started (DENCOFF)MONDAY.LOG
nted: 1 pages.
17:17:00 Finished (DENCOFF)MONDAY.LOG Printed: 1 pages.
18:34:25 Started (JMS)SWAMP.LST
18:35:01 Finished (JMS)SWAMP.LST Printed: 6 pages.
19:27:41 Started (DENCOFF)TODAY.LST
19:27:52 Finished (DENCOFF)TODAY.LST Printed: 1 pages.
19:28:53 Started (DENCOFF)TODAY.LST
19:29:03 Finished (DENCOFF)TODAY.LST Printed: 1 pages.
21:53:13 Started (DENCOFF)CHEKOV.LST
21:53:33 Finished (DENCOFF)CHEKOV.LST Printed: 1 pages.
21:54:07 Started (DENCOFF)SUBWSH.LST
21:56:34 Finished (DENCOFF)SUBWSH.LST Printed: 1 pages.
23:39:02 Started (SUBMIT)CHEKOV.CRL
23:39:11 Finished (SUBMIT)CHEKOV.CRL Printed: 1 pages.
18:55:33 Started (JMS)SA10.LST
18:56:12 Finished (JMS)SA10.LST Printed: 1 pages.
01:09:29 ------- Started Tuesday, May 5th, 1987
21:05:43 Started (DENCOFF)DOCS.LST
21:06:36 Finished (DENCOFF)DOCS.LST Printed: 1 pages.
21:50:17 Started (DENCOFF)MEMINF.LST
21:50:58 Finished (DENCOFF)MEMINF.LST Printed: 1 pages.
23:13:38 Started (DENCOFF)EDICOM.LST
23:13:47 Finished (DENCOFF)EDICOM.LST Printed: 1 pages.
01:53:55 ------- Started Wednesday, May 6th, 1987
17:08:24 Started (DENCOFF)DIAL.OUT
17:09:22 Finished (DENCOFF)DIAL.OUT Printed: 8 pages.
20:22:43 Started (DENCOFF)PDP10.LST
20:23:58 Finished (DENCOFF)PDP10.LST Printed: 12 pages.
22:21:50 Started (DENCOFF)LOG.
22:23:54 Finished (DENCOFF)LOG. Printed: 1 pages.
22:50:01 Started (DENCOFF)LOG.
22:51:59 Finished (DENCOFF)LOG. Printed: 1 pages.
23:21:33 Started (DENCOFF)LOG.
23:28:09 Finished (DENCOFF)LOG. Printed: 1 pages.
01:40:33 Started (JMS)ALLD.95
00:12:16 Finished (JMS)ALLD.95 Printed: 4 pages.
17:19:21 Started (SPPOPER)TODAY.LOG
17:19:28 Finished (SPPOPER)TODAY.LOG Printed: 1 pages.
00:37:03 ------- Started Monday, May 11th, 1987
01:14:07 Started (JMS)SCAN1.LST
01:16:12 Finished (JMS)SCAN1.LST Printed: 18 pages.
01:16:13 Started (JMS)DBLDOC.LST
01:20:11 Finished (JMS)DBLDOC.LST Printed: 32 pages.
01:20:13 Started (JMS)RUNLIB.LST
01:26:24 Finished (JMS)RUNLIB.LST Printed: 51 pages.
02:23:10 Started (JMS)DSKC.LST
02:27:12 Finished (JMS)DSKC.LST Printed: 19 pages.
02:27:14 Started (JMS)DSKA.LST
02:32:37 Finished (JMS)DSKA.LST Printed: 23 pages.
02:32:40 Started (JMS)DSKB.LST
02:36:38 Finished (JMS)DSKB.LST Printed: 18 pages.
16:11:06 Started (DENCOFF)MONDAY.LOG
16:11:14 Finished (DENCOFF)MONDAY.LOG Printed: 1 pages.
16:11:16 Started (DENCOFF)TUES.LOG
16:11:34 Finished (DENCOFF)TUES.LOG Printed: 1 pages.
18:16:13 Started (JMS)QUICHE.TXT
18:17:10 Finished (JMS)QUICHE.TXT Printed: 1 pages.
20:52:41 Started (JMS)PCOM.DOC
E.TXT Printed: 1 pages.
20:53:33 Finished (JMS)PCOM.DOC Printed: 9 pages.
20:53:35 Started (JMS)PCOM.HLP
20:54:02 Finished (JMS)PCOM.HLP Printed: 3 pages.
21:57:10 Started (JMS)ROOT.LST
22:05:45 Finished (JMS)ROOT.LST Printed: 64 pages.
02:05:14 Started (JMS)KSFEFS.LST
02:07:42 - Notice to quit - File aborted
02:07:42 Finished (JMS)KSFEFS.LST Printed: 14 pages.
02:07:44 ------- Stopped Thursday, May 14th, 1987

02:08:15 ------- Started Thursday, May 14th, 1987
02:08:16 Started (JMS)KSFEFS.LST
02:11:09 Finished (JMS)KSFEFS.LST Printed: 24 pages.
18:24:40 Started (DENCOFF)DIAL.OUT
18:24:50 Finished (DENCOFF)DIAL.OUT Printed: 3 pages.
20:05:05 Started (DENCOFF)OUTDIL.TST
20:05:11 Finished (DENCOFF)OUTDIL.TST Printed: 1 pages.
20:10:42 Started (DENCOFF)OUTDIL.TST
20:10:48 Finished (DENCOFF)OUTDIL.TST Printed: 1 pages.
23:05:31 Started (DENCOFF)ERRCHK.EG
23:06:43 Finished (DENCOFF)ERRCHK.EG Printed: 1 pages.
01:21:15 ------- Started Friday, May 15th, 1987
03:34:48 ------- Started Friday, May 15th, 1987
16:15:25 Started (DENCOFF)LOG.LST
16:15:38 Finished (DENCOFF)LOG.LST Printed: 1 pages.
16:19:18 Started (DENCOFF)TODAY.LOG
16:19:27 Finished (DENCOFF)TODAY.LOG Printed: 1 pages.
16:22:59 Started (DENCOFF)TODAY.LOG
16:23:07 Finished (DENCOFF)TODAY.LOG Printed: 1 pages.
17:04:42 Started (DENCOFF)CLEAN.RPT
17:05:18 Finished (DENCOFF)CLEAN.RPT Printed: 1 pages.
17:27:35 Started (SPPOPER)MONDAY.LOG
17:27:43 Finished (SPPOPER)MONDAY.LOG Printed: 1 pages.
00:10:25 Started (DENCOFF)TUES.LOG
00:10:33 Finished (DENCOFF)TUES.LOG Printed: 1 pages.
17:17:22 Started (DENCOFF)TUES.LOG
17:17:29 Finished (DENCOFF)TUES.LOG Printed: 1 pages.
17:19:31 Started (DENCOFF)MONDAY.LOG
17:19:39 Finished (DENCOFF)MONDAY.LOG Printed: 1 pages.
18:04:51 Started (DENCOFF)TUES.LOG
18:04:59 Finished (DENCOFF)TUES.LOG Printed: 1 pages.
19:21:20 ------- Started Tuesday, May 19th, 1987
02:12:20 Started (JMS)REFSTR.LST
02:20:36 Finished (JMS)REFSTR.LST Printed: 70 pages.
18:54:46 ------- Started Wednesday, May 20th, 1987
23:25:13 Started (DENCOFF)UTIL.TRW
23:25:19 Finished (DENCOFF)UTIL.TRW Printed: 1 pages.
23:35:30 Started (DENCOFF)UTIL.TRW
23:35:41 Finished (DENCOFF)UTIL.TRW Printed: 1 pages.
02:25:01 ------- Started Thursday, May 21st, 1987
18:36:34 ------- Started Friday, May 22nd, 1987
22:16:25 Started (TSUCOOP)CTL.
22:16:30 Finished (TSUCOOP)CTL. Printed: 1 pages.
23:00:30 ------- Started Friday, May 22nd, 1987
23:12:32 Started (TSUCOOP)GFD.LOG
00:05:22 ------- Started Friday, May 22nd, 1987
es.
01:00:28 ------- Started Friday, May 22nd, 1987
17:20:41 Started (DENCOFF)SAMPLE.
17:20:47 Finished (DENCOFF)SAMPLE. Printed: 1 pages.
17:26:53 Started (DENCOFF)SAMPLE.
17:27:00 Finished (DENCOFF)SAMPLE. Printed: 1 pages.
19:21:20 Started (DENCOFF)SAMPLE.
19:21:43 Finished (DENCOFF)SAMPLE. Printed: 1 pages.
20:52:13 Started (DENCOFF)MONDAY.LST
20:52:20 Finished (DENCOFF)MONDAY.LST Printed: 1 pages.
19:14:18 ------- Stopped Thursday, May 28th, 1987

19:29:22 ------- Started Thursday, May 28th, 1987
22:28:00 Started (JMS)M33SAV.WHR
22:28:37 Finished (JMS)M33SAV.WHR Printed: 1 pages.
22:49:21 Started (DENCOFF)MONTH.LOG
22:49:26 Finished (DENCOFF)MONTH.LOG Printed: 1 pages.
22:49:59 Started (DENCOFF)TUES.LOG
22:50:09 Finished (DENCOFF)TUES.LOG Printed: 1 pages.
23:14:46 Started (DENCOFF)TUES.LST
23:14:52 Finished (DENCOFF)TUES.LST Printed: 1 pages.
23:21:30 Started (DENCOFF)UNPROC.LST
23:21:44 Finished (DENCOFF)UNPROC.LST Printed: 1 pages.
23:28:56 Started (DENCOFF)TODAY.LST
23:29:03 Finished (DENCOFF)TODAY.LST Printed: 1 pages.
00:04:23 Started (DENCOFF)LIST.LOG
00:05:03 Finished (DENCOFF)LIST.LOG Printed: 6 pages.
02:39:51 Started (JMS)TYPBAT.LST
02:41:17 Finished (JMS)TYPBAT.LST Printed: 15 pages.
22:15:16 Started (JMS)TYPBAT.LST
22:16:59 Finished (JMS)TYPBAT.LST Printed: 17 pages.
01:37:41 Started (TSUCOOP)INITIA.LST
01:37:47 Finished (TSUCOOP)INITIA.LST Printed: 1 pages.
21:37:44 ------- Stopped Tuesday, June 2nd, 1987

21:46:57 ------- Started Tuesday, June 2nd, 1987
23:52:21 Started (CARL)ATTPRB.LST
23:53:20 Finished (CARL)ATTPRB.LST Printed: 9 pages.
02:29:43 Started (JMS)KSLINK.SCM
02:30:22 Finished (JMS)KSLINK.SCM Printed: 7 pages.
20:46:35 ------- Stopped Wednesday, June 3rd, 1987

20:46:44 ------- Started Wednesday, June 3rd, 1987
20:46:50 ------- Stopped Wednesday, June 3rd, 1987

20:52:59 ------- Started Wednesday, June 3rd, 1987
20:55:59 Started (JMS)KSMACR.SCM
20:56:37 Finished (JMS)KSMACR.SCM Printed: 6 pages.
22:29:14 ------- Stopped Wednesday, June 3rd, 1987

22:35:15 ------- Started Wednesday, June 3rd, 1987
23:00:03 ------- Started Wednesday, June 3rd, 1987
01:22:35 ------- Started Wednesday, June 3rd, 1987
18:40:20 Started (JMS)OLDOLD.SCM
18:40:32 Finished (JMS)OLDOLD.SCM Printed: 3 pages.
00:19:31 ------- Started Thursday, June 4th, 1987
21:59:04 ------- Stopped Friday, June 5th, 1987

22:05:41 ------- Started Friday, June 5th, 1987
02:16:17 Started (JMS)VALDAT.G3
22:05:27 ------- Stopped Wednesday, June 10th, 1987

18:59 Finished (JMS)USERDB.G3 Printed: 1 pages.
22:21:37 ------- Started Wednesday, June 10th, 1987
23:05:15 Started (JMS)FILIO.SCM
23:06:23 Finished (JMS)FILIO.SCM Printed: 11 pages.
19:57:49 Started (JMS)X.X
19:57:54 Finished (JMS)X.X Printed: 1 pages.
20:11:32 ------- Started Friday, June 12th, 1987
19:45:42 Started (DENCOFF)TODAY.LOG
19:47:18 Finished (DENCOFF)TODAY.LOG Printed: 15 pages.
19:47:49 Started (DENCOFF)MON.LOG
19:47:55 Finished (DENCOFF)MON.LOG Printed: 1 pages.
02:49:35 ------- Started Monday, June 15th, 1987
03:25:38 Started (CARL)TREE.PER
03:25:51 Finished (CARL)TREE.PER Printed: 1 pages.
03:25:52 Started (CARL)TREE.1ST
03:26:07 Finished (CARL)TREE.1ST Printed: 1 pages.
03:26:08 Started (CARL)TREE.NTH
03:26:24 Finished (CARL)TREE.NTH Printed: 1 pages.
06:18:01 Started (CARL)EXPENS.LST
06:18:18 Finished (CARL)EXPENS.LST Printed: 3 pages.
20:03:13 Started (CARL)ATTBIL.CAB
20:03:21 Finished (CARL)ATTBIL.CAB Printed: 1 pages.
20:03:23 Started (CARL)ATTREC.CAB
20:03:35 Finished (CARL)ATTREC.CAB Printed: 1 pages.
20:03:36 Started (CARL)ATTPRB.CAB
20:04:41 Finished (CARL)ATTPRB.CAB Printed: 8 pages.
21:36:50 Started (SPPOPER)MONDAY.LOG
21:36:56 Finished (SPPOPER)MONDAY.LOG Printed: 1 pages.
04:10:54 Started (CARL)TOT.ATT
04:11:02 Finished (CARL)TOT.ATT Printed: 1 pages.
04:11:04 Started (CARL)TOT1.
04:11:09 Finished (CARL)TOT1. Printed: 1 pages.
04:11:10 Started (CARL)TOT2.
04:11:37 Finished (CARL)TOT2. Printed: 1 pages.
04:15:10 Started (CARL)TOT1.
04:15:15 Finished (CARL)TOT1. Printed: 1 pages.
04:15:16 Started (CARL)TOT2.
04:15:31 Finished (CARL)TOT2. Printed: 2 pages.
05:19:04 Started (CARL)TOT1.
05:19:08 Finished (CARL)TOT1. Printed: 1 pages.
05:19:10 Started (CARL)TOT2.
05:19:25 Finished (CARL)TOT2. Printed: 1 pages.
05:20:57 Started (CARL)TOT2.
05:21:05 Finished (CARL)TOT2. Printed: 2 pages.
06:22:08 Started (CARL)ATTBIL.CAB
06:22:20 Finished (CARL)ATTBIL.CAB Printed: 1 pages.
06:22:21 Started (CARL)ATTREC.CAB
06:22:34 Finished (CARL)ATTREC.CAB Printed: 1 pages.
06:22:36 Started (CARL)ATTPRB.CAB
06:23:40 Finished (CARL)ATTPRB.CAB Printed: 8 pages.
06:25:12 Started (CARL)ATTBIL.CAB
06:25:20 Finished (CARL)ATTBIL.CAB Printed: 1 pages.
06:25:21 Started (CARL)ATTREC.CAB
06:25:33 Finished (CARL)ATTREC.CAB Printed: 1 pages.
06:25:35 Started (CARL)ATTPRB.CAB
06:26:39 Finished (CARL)ATTPRB.CAB Printed: 8 pages.
09:04:17 Started (INFO)AGENDA.TXT
09:04:49 Finished (INFO)AGENDA.TXT Printed: 5 pages.
22:15:52 Finished (DENCOFF)CHEKOV.INF Printed: 1 pages.
L)AGENDA.TXT Printed: 5 pages.
00:35:14 Started (CARL)AGENDA.617
00:35:28 Finished (CARL)AGENDA.617 Printed: 2 pages.
00:40:30 Started (CARL)AGENDA.617
00:40:42 Finished (CARL)AGENDA.617 Printed: 2 pages.
04:27:44 Started (CARL)LICSUB.SAI
04:28:18 Finished (CARL)LICSUB.SAI Printed: 6 pages.
04:28:21 Started (CARL)LICENS.NFO
04:29:01 Finished (CARL)LICENS.NFO Printed: 6 pages.
04:29:03 Started (CARL)XEXLIC.SAI
04:30:23 Finished (CARL)XEXLIC.SAI Printed: 8 pages.
04:30:25 Started (CARL)GETLIC.SAI
04:31:13 Finished (CARL)GETLIC.SAI Printed: 4 pages.
04:31:17 Started (CARL)DEFPRI.SAI
04:33:04 Finished (CARL)DEFPRI.SAI Printed: 14 pages.
16:55:58 Started (DENCOFF)TODAY.LOG
16:56:05 Finished (DENCOFF)TODAY.LOG Printed: 1 pages.
16:57:07 Started (DENCOFF)LOG.LST
16:57:13 Finished (DENCOFF)LOG.LST Printed: 1 pages.
19:07:08 Started (DENCOFF)LOG.LST
19:07:17 Finished (DENCOFF)LOG.LST Printed: 1 pages.
21:32:09 Started (CARL)XEXLIC.SAI
21:33:25 Finished (CARL)XEXLIC.SAI Printed: 11 pages.
21:38:00 Started (DENCOFF)TODAY.LOG
21:38:13 Finished (DENCOFF)TODAY.LOG Printed: 1 pages.
21:41:20 Started (DENCOFF)LOG.LST
21:41:37 Finished (DENCOFF)LOG.LST Printed: 1 pages.
03:12:44 Started (CARL)OPRPAS.SAI
03:13:00 Finished (CARL)OPRPAS.SAI Printed: 3 pages.
03:13:02 Started (CARL)OPRPKG.SAI
03:13:59 Finished (CARL)OPRPKG.SAI Printed: 7 pages.
17:35:05 Started (CARL)CMDFIL.DOC
17:36:50 Finished (CARL)CMDFIL.DOC Printed: 14 pages.
17:36:51 Started (DENCOFF)SUBMIT.DOC
17:41:04 Finished (DENCOFF)SUBMIT.DOC Printed: 33 pages.
17:41:05 Started (DENCOFF)EXEC.DOC
17:42:41 Finished (DENCOFF)EXEC.DOC Printed: 13 pages.
18:05:29 Started (SPPOPER)TUES.LOG
18:05:35 Finished (SPPOPER)TUES.LOG Printed: 2 pages.
18:09:04 Started (SPPOPER)TUES.LOG
18:09:09 Finished (SPPOPER)TUES.LOG Printed: 1 pages.
18:27:47 Started (SUBMIT)CMDFIL.DIF
18:29:19 Finished (SUBMIT)CMDFIL.DIF Printed: 14 pages.
18:29:21 Started (DENCOFF)PRPCHG.DOC
18:30:02 Finished (DENCOFF)PRPCHG.DOC Printed: 5 pages.
19:15:32 Started (CARL)DRWSPR.LST
19:15:43 Finished (CARL)DRWSPR.LST Printed: 1 pages.
19:48:07 Started (JMS)SYSNO.LOG
19:48:22 Finished (JMS)SYSNO.LOG Printed: 1 pages.
20:06:09 Started (CARL)DRWSPR.LST
20:06:18 Finished (CARL)DRWSPR.LST Printed: 1 pages.
23:41:12 Started (CARL)DRWSPR.LST
23:41:25 Finished (CARL)DRWSPR.LST Printed: 1 pages.
23:47:57 Started (CARL)DRWSPR.DMP
23:50:33 Finished (CARL)DRWSPR.DMP Printed: 1 pages.
15:40:38 ------- Started Monday, June 22nd, 1987
17:15:29 Started (DENCOFF)MONDAY.LOG
inished (OSMAN)Q. Printed: 1 pages.
17:15:35 Finished (DENCOFF)MONDAY.LOG Printed: 2 pages.
17:18:42 Started (DENCOFF)MONDAY.LOG
17:18:47 Finished (DENCOFF)MONDAY.LOG Printed: 1 pages.
20:32:20 Started (DENCOFF)LOG.LST
20:32:25 Finished (DENCOFF)LOG.LST Printed: 1 pages.
17:02:38 Started (DENCOFF)OUTDIL.TST
17:02:44 Finished (DENCOFF)OUTDIL.TST Printed: 1 pages.
20:09:18 Started (DENCOFF)DIR.
20:09:38 Finished (DENCOFF)DIR. Printed: 1 pages.
23:57:23 Started (CARL)DRWSPR.LST
23:57:37 Finished (CARL)DRWSPR.LST Printed: 1 pages.
23:59:12 Started (CARL)DRWSPR.LST
23:59:22 Finished (CARL)DRWSPR.LST Printed: 1 pages.
23:59:55 Started (CARL)OPRPAS.LST
00:01:02 Finished (CARL)OPRPAS.LST Printed: 1 pages.
01:00:32 ------- Started Tuesday, June 23rd, 1987
02:34:43 ------- Started Tuesday, June 23rd, 1987
03:33:49 Started (CARL)DRWSPR.LST
03:34:46 Finished (CARL)DRWSPR.LST Printed: 1 pages.
16:10:03 Started (DENCOFF)CHEKOV.CRL
16:10:20 Finished (DENCOFF)CHEKOV.CRL Printed: 1 pages.
17:08:10 Started (DENCOFF)SUBM26.LST
17:08:20 Finished (DENCOFF)SUBM26.LST Printed: 1 pages.
17:18:33 Started (DENCOFF)LIS.LST
17:18:46 Finished (DENCOFF)LIS.LST Printed: 1 pages.
17:42:13 Started (DENCOFF)TST1.CTL
17:42:18 Finished (DENCOFF)TST1.CTL Printed: 1 pages.
17:42:20 Started (PERPOPER)TST1.LOG
17:42:26 Finished (PERPOPER)TST1.LOG Printed: 1 pages.
17:49:14 Started (DENCOFF)TST4.CTL
17:49:20 Finished (DENCOFF)TST4.CTL Printed: 1 pages.
17:49:21 Started (DENCOFF)TST4.LOG
17:49:27 Finished (DENCOFF)TST4.LOG Printed: 1 pages.
18:30:50 Started (OSMAN)AGENDA.TXT
18:31:30 Finished (OSMAN)AGENDA.TXT Printed: 5 pages.
20:04:46 Started (DENCOFF)STRTGY.MTG
20:04:54 Finished (DENCOFF)STRTGY.MTG Printed: 1 pages.
20:06:26 Started (CARL)AGENDA.TXT
20:06:56 Finished (CARL)AGENDA.TXT Printed: 7 pages.
23:23:46 Started (DENCOFF)STORE.MSG
23:23:52 Finished (DENCOFF)STORE.MSG Printed: 1 pages.
23:50:43 Started (DENCOFF)STORE.MSG
23:50:53 Finished (DENCOFF)STORE.MSG Printed: 1 pages.
00:00:38 Started (DENCOFF)STORE.MSG
00:00:44 Finished (DENCOFF)STORE.MSG Printed: 1 pages.
00:07:59 Started (DENCOFF)TUES.LOG
00:08:08 Finished (DENCOFF)TUES.LOG Printed: 1 pages.
00:43:11 Started (CARL)CVNAME.SAI
00:43:17 Finished (CARL)CVNAME.SAI Printed: 1 pages.
00:43:18 Started (CARL)RHFILE.SAI
00:43:39 Finished (CARL)RHFILE.SAI Printed: 2 pages.
00:43:41 Started (CARL)CPY.SAI
01:17:49 Finished (CARL)CPY.SAI Printed: 17 pages.
19:00:10 Started (CARL)DRWSPR.REC
00:36:26 Finished (DENCOFF)SPLDIC.WHR Printed: 1 pages.
31:58 Finished (CARL)SETOPR.SAI Printed: 3 pages.
19:01:03 Started (DENCOFF)TODAY.LOG
19:01:13 Finished (DENCOFF)TODAY.LOG Printed: 1 pages.
19:01:15 Started (DENCOFF)TODAY.LST
19:01:28 Finished (DENCOFF)TODAY.LST Printed: 1 pages.
20:01:43 Started (SSINSTALL)SPELL.DOC
20:03:25 Finished (SSINSTALL)SPELL.DOC Printed: 8 pages.
23:31:21 Started (DENCOFF)SPELL.WHR
23:31:28 Finished (DENCOFF)SPELL.WHR Printed: 1 pages.
23:40:13 Started (DENCOFF)SPELL.WHR
23:40:22 Finished (DENCOFF)SPELL.WHR Printed: 1 pages.
06:35:53 ------- Started Friday, June 26th, 1987
18:50:36 ------- Started Monday, June 29th, 1987
19:15:20 Started (CARL)ATTBIL.CAB
19:15:31 Finished (CARL)ATTBIL.CAB Printed: 1 pages.
02:00:45 Started (JMS)RDIST.SAI
02:05:00 Finished (JMS)RDIST.SAI Printed: 10 pages.
20:56:05 Started (CARL)DRWSPR.SYS
20:57:19 Finished (CARL)DRWSPR.SYS Printed: 1 pages.
02:32:15 Started (JMS)COPIER.DOC
02:32:51 Finished (JMS)COPIER.DOC Printed: 4 pages.
16:44:23 Started (OSMAN)CRSHID.JUN
16:44:38 Finished (OSMAN)CRSHID.JUN Printed: 1 pages.
16:44:39 Started (OSMAN)MAIL.B39
16:45:07 Finished (OSMAN)MAIL.B39 Printed: 5 pages.
16:45:09 Started (OSMAN)MONVER.ALL
16:45:50 Finished (OSMAN)MONVER.ALL Printed: 4 pages.
17:01:52 Started (CARL)AGENDA.TXT
17:02:13 Finished (CARL)AGENDA.TXT Printed: 5 pages.
21:05:30 Started (DENCOFF)TODAY.LOG
21:05:39 Finished (DENCOFF)TODAY.LOG Printed: 2 pages.
21:25:50 Started (SPPOPER)MONDAY.LOG
21:25:55 Finished (SPPOPER)MONDAY.LOG Printed: 1 pages.
22:16:03 Started (SPPOPER)UNPROC.RPT
22:16:14 Finished (SPPOPER)UNPROC.RPT Printed: 1 pages.
22:41:17 Started (SPPOPER)REPAIR.LOG
22:41:25 Finished (SPPOPER)REPAIR.LOG Printed: 1 pages.
23:46:42 Started (DENCOFF)FIXFDF.LST
23:46:51 Finished (DENCOFF)FIXFDF.LST Printed: 1 pages.
19:22:10 Started (CARL)32DISK.MEM
19:22:53 Finished (CARL)32DISK.MEM Printed: 7 pages.
20:49:30 Started (SPPOPER)TUES.LOG
20:49:36 Finished (SPPOPER)TUES.LOG Printed: 1 pages.
23:57:43 ------- Started Thursday, July 2nd, 1987
17:03:23 Started (DENCOFF)LOG.LST
17:03:29 Finished (DENCOFF)LOG.LST Printed: 1 pages.
17:08:31 Started (DENCOFF)LOG.LST
17:08:43 Finished (DENCOFF)LOG.LST Printed: 1 pages.
00:05:53 Started (JMS)COPIER.DOC
00:06:37 Finished (JMS)COPIER.DOC Printed: 6 pages.
19:38:47 Started (DENCOFF)FAYEZ.DOC
19:38:54 Finished (DENCOFF)FAYEZ.DOC Printed: 1 pages.
19:38:56 Started (DENCOFF)TXSALL.DOC
19:41:03 Finished (DENCOFF)TXSALL.DOC Printed: 1 pages.
22:33:03 Started (DENCOFF)TODAY.LST
22:33:21 Started (DENCOFF)TODAY.LST
Printed: 1 pages.
22:33:33 Finished (DENCOFF)TODAY.LST Printed: 1 pages.
01:13:39 Started (JMS)TXSNET.SRT
01:14:00 Finished (JMS)TXSNET.SRT Printed: 1 pages.
22:03:30 ------- Started Thursday, July 9th, 1987
00:43:12 Started (JMS)SYSNO.NFO
00:44:33 Finished (JMS)SYSNO.NFO Printed: 8 pages.
01:33:31 Started (DENCOFF)FSHSPL.DOC
01:36:05 Finished (DENCOFF)FSHSPL.DOC Printed: 13 pages.
23:36:04 Started (DENCOFF)FSHSPL.DOC
23:38:40 Finished (DENCOFF)FSHSPL.DOC Printed: 13 pages.
00:34:17 Started (CARL)XXX.XXX
00:56:29 Finished (CARL)XXX.XXX Printed: 27 pages.
18:54:02 Started (DENCOFF)RTODAY.LOG
18:54:32 Finished (DENCOFF)RTODAY.LOG Printed: 1 pages.
21:55:15 Started (SPPOPER)SPNODE.
21:56:34 Finished (SPPOPER)SPNODE. Printed: 1 pages.
22:40:43 Started (CARL)RUFSC.MAC
22:40:54 Finished (CARL)RUFSC.MAC Printed: 1 pages.
00:10:27 Started (DENCOFF)SPNODE.LST
00:11:27 Finished (DENCOFF)SPNODE.LST Printed: 1 pages.
15:14:23 ------- Started Thursday, July 16th, 1987
20:58:26 Started (DENCOFF)TYPER.DOC
20:58:33 Finished (DENCOFF)TYPER.DOC Printed: 1 pages.
21:00:04 Started (DENCOFF)FILE.MEM
21:00:10 Finished (DENCOFF)FILE.MEM Printed: 1 pages.
22:25:44 Started (CARL)KEQU.SAI
22:25:50 Finished (CARL)KEQU.SAI Printed: 1 pages.
22:25:52 Started (CARL)LEXSUB.SAI
22:26:05 Finished (CARL)LEXSUB.SAI Printed: 3 pages.
01:50:56 Started (CARL)DEFOPR.SAI
01:54:14 Finished (CARL)DEFOPR.SAI Printed: 27 pages.
17:53:18 Started (DENCOFF)TODAY.LOG
17:53:28 Finished (DENCOFF)TODAY.LOG Printed: 1 pages.
17:53:59 Started (DENCOFF)TODAY.LST
17:54:08 Finished (DENCOFF)TODAY.LST Printed: 1 pages.
22:29:22 ------- Started Friday, July 17th, 1987
00:45:35 Started (JMS)STOPCD.SRT
00:46:37 Finished (JMS)STOPCD.SRT Printed: 6 pages.
20:16:00 Started (DENCOFF)JJOELS.LST
20:16:12 Finished (DENCOFF)JJOELS.LST Printed: 1 pages.
22:54:21 Started (DENCOFF)SWITCH.INI
22:54:27 Finished (DENCOFF)SWITCH.INI Printed: 1 pages.
02:17:30 Started (CARL)RESUME.12N
02:17:38 Finished (CARL)RESUME.12N Printed: 1 pages.
02:28:41 Started (CARL)RESUME.LN3
02:28:50 Finished (CARL)RESUME.LN3 Printed: 1 pages.
02:36:22 Started (CARL)RESUME.LN3
02:36:30 Finished (CARL)RESUME.LN3 Printed: 1 pages.
02:46:32 Started (CARL)RESUME.LN3
02:47:47 Finished (CARL)RESUME.LN3 Printed: 11 pages.
08:18:00 Started (CARL)DEFOPR.INF
08:18:08 Finished (CARL)DEFOPR.INF Printed: 2 pages.
08:26:39 Started (CARL)SUBMIT.LST
08:31:22 Finished (CARL)SUBMIT.LST Printed: 19 pages.
08:31:53 Started (CARL)SUBMIT.LST
17:24:19 ------- Started Tuesday, July 21st, 1987
s.
23:55:04 Started (CARL)YARD.PLN
23:55:24 Finished (CARL)YARD.PLN Printed: 2 pages.
23:56:56 Started (CARL)YARD.PLN
23:57:10 Finished (CARL)YARD.PLN Printed: 2 pages.
00:10:45 Started (DENCOFF)SWITCH.INI
00:10:51 Finished (DENCOFF)SWITCH.INI Printed: 1 pages.
00:15:54 Started (DENCOFF)SWITCH.INI
00:15:59 Finished (DENCOFF)SWITCH.INI Printed: 1 pages.
00:30:29 Started (DENCOFF)SWITCH.INI
00:30:35 Finished (DENCOFF)SWITCH.INI Printed: 1 pages.
00:32:06 Started (DENCOFF)SWITCH.INI
00:32:12 Finished (DENCOFF)SWITCH.INI Printed: 1 pages.
00:37:14 Started (DENCOFF)SWITCH.INI
00:37:20 Finished (DENCOFF)SWITCH.INI Printed: 1 pages.
00:50:36 ------- Stopped Tuesday, July 21st, 1987

01:15:18 ------- Started Tuesday, July 21st, 1987
17:17:22 Started (SPPOPER)TODAY.LST
17:17:30 Finished (SPPOPER)TODAY.LST Printed: 1 pages.
00:00:01 ------- Stopped Wednesday, July 22nd, 1987

17:36:56 ------- Started Thursday, August 6th, 1987
17:36:57 Started (DENCOFF)SWITCH.INI
17:37:03 Finished (DENCOFF)SWITCH.INI Printed: 1 pages.
01:14:34 ------- Stopped Thursday, August 6th, 1987

OYNx